This is pdfTeX, Version 3.1415926-2.4-1.40.13 (MiKTeX 2.9) (preloaded format=pdflatex 2012.8.18)  9 FEB 2013 15:02
entering extended mode
**document.tex

("E:\Zero\Documents\Uni\Semester VIII\Bachelorarbeit\LaTeX\Bachelorarbeit - Ell
iptische Kurven\document.tex"
LaTeX2e <2011/06/27>
Babel <v3.8m> and hyphenation patterns for english, afrikaans, ancientgreek, ar
abic, armenian, assamese, basque, bengali, bokmal, bulgarian, catalan, coptic, 
croatian, czech, danish, dutch, esperanto, estonian, farsi, finnish, french, ga
lician, german, german-x-2012-05-30, greek, gujarati, hindi, hungarian, iceland
ic, indonesian, interlingua, irish, italian, kannada, kurmanji, latin, latvian,
 lithuanian, malayalam, marathi, mongolian, mongolianlmc, monogreek, ngerman, n
german-x-2012-05-30, nynorsk, oriya, panjabi, pinyin, polish, portuguese, roman
ian, russian, sanskrit, serbian, slovak, slovenian, spanish, swedish, swissgerm
an, tamil, telugu, turkish, turkmen, ukenglish, ukrainian, uppersorbian, usengl
ishmax, welsh, loaded.
("C:\Program Files (x86)\MiKTeX2.9\tex\latex\koma-script\scrbook.cls"
Document Class: scrbook 2012/07/29 v3.11b KOMA-Script document class (book)
("C:\Program Files (x86)\MiKTeX2.9\tex\latex\koma-script\scrkbase.sty"
Package: scrkbase 2012/07/29 v3.11b KOMA-Script package (KOMA-Script-dependent 
basics and keyval usage)

("C:\Program Files (x86)\MiKTeX2.9\tex\latex\koma-script\scrbase.sty"
Package: scrbase 2012/07/29 v3.11b KOMA-Script package (KOMA-Script-independent
 basics and keyval usage)

("C:\Program Files (x86)\MiKTeX2.9\tex\latex\graphics\keyval.sty"
Package: keyval 1999/03/16 v1.13 key=value parser (DPC)
\KV@toks@=\toks14
)
("C:\Program Files (x86)\MiKTeX2.9\tex\latex\koma-script\scrlfile.sty"
Package: scrlfile 2012/06/15 v3.12 KOMA-Script package (loading files)

Package scrlfile, 2012/06/15 v3.12 KOMA-Script package (loading files)
                  Copyright (C) Markus Kohm

))) ("C:\Program Files (x86)\MiKTeX2.9\tex\latex\koma-script\tocbasic.sty"
Package: tocbasic 2012/04/04 v3.10b KOMA-Script package (handling toc-files)
)
Package tocbasic Info: omitting babel extension for `toc'
(tocbasic)             because of feature `nobabel' available
(tocbasic)             for `toc' on input line 117.
Package tocbasic Info: omitting babel extension for `lof'
(tocbasic)             because of feature `nobabel' available
(tocbasic)             for `lof' on input line 118.
Package tocbasic Info: omitting babel extension for `lot'
(tocbasic)             because of feature `nobabel' available
(tocbasic)             for `lot' on input line 119.


Class scrbook Warning: You've used obsolete option `halfparskip*'.
(scrbook)              Usage of this option indicates an old document and
(scrbook)              changes compatibility level using
(scrbook)              `parskip=half*,version=first'.
(scrbook)              If you don't want this, you should simply replace
(scrbook)              usage of option `halfparskip*' by `parskip=half*'.

Class scrbook Info: Switching compatibility level to `first'.

Class scrbook Warning: You've used obsolete option `bibtotoc'.
(scrbook)              Usage of this option indicates an old document and
(scrbook)              changes compatibility level using
(scrbook)              `bibliography=totoc,version=first'.
(scrbook)              If you don't want this, you should simply replace
(scrbook)              usage of option `bibtotoc' by `bibliography=totoc'.

Class scrbook Info: Switching compatibility level to `first'.
Class scrbook Info: You've used standard option `openany'.
(scrbook)           This is correct!
(scrbook)           Internally I'm using `open=any'.
(scrbook)           If you'd like to set the option with \KOMAoptions,
(scrbook)           you'd have to use `open=any' there
(scrbook)           instead of `openany', too.

Class scrbook Warning: You've used obsolete option `pointlessnumbers'.
(scrbook)              Usage of this option indicates an old document and
(scrbook)              changes compatibility level using
(scrbook)              `numbers=noenddot,version=first'.
(scrbook)              If you don't want this, you should simply replace
(scrbook)              usage of option `pointlessnumbers' by `numbers=noenddot'
.

Class scrbook Info: Switching compatibility level to `first'.
Class scrbook Info: File `scrsize11pt.clo' used instead of
(scrbook)           file `scrsize11.clo' to setup font sizes on input line 1368
.
("C:\Program Files (x86)\MiKTeX2.9\tex\latex\koma-script\scrsize11pt.clo"
File: scrsize11pt.clo 2012/07/29 v3.11b KOMA-Script font size class option (11p
t)
)
("C:\Program Files (x86)\MiKTeX2.9\tex\latex\koma-script\typearea.sty"
Package: typearea 2012/07/29 v3.11b KOMA-Script package (type area)

Package typearea, 2012/07/29 v3.11b KOMA-Script package (type area)
                  Copyright (C) Frank Neukam, 1992-1994
                  Copyright (C) Markus Kohm, 1994-

\ta@bcor=\skip41
\ta@div=\count79
\ta@hblk=\skip42
\ta@vblk=\skip43
\ta@temp=\skip44

Package typearea Warning: Bad type area settings!
(typearea)                The detected line width is about 17%
(typearea)                larger than the heuristically detected line width.
(typearea)                You should e.g. decrease DIV, increase fontsize
(typearea)                or change papersize.

Package typearea Info: These are the values describing the layout:
(typearea)             DIV  = 15
(typearea)             BCOR = 22.76228pt
(typearea)             \paperwidth      = 597.50793pt
(typearea)              \textwidth      = 459.79652pt
(typearea)              DIV departure   = -17%
(typearea)              \evensidemargin = 4.36276pt
(typearea)              \oddsidemargin  = -11.19133pt
(typearea)             \paperheight     = 845.04694pt
(typearea)              \textheight     = 650.20029pt
(typearea)              \topmargin      = -15.93353pt
(typearea)              \headheight     = 17.0pt
(typearea)              \headsep        = 20.40001pt
(typearea)              \topskip        = 11.0pt
(typearea)              \footskip       = 47.60002pt
(typearea)              \baselineskip   = 13.6pt
(typearea)              on input line 1213.
)
\c@part=\count80
\c@chapter=\count81
\c@section=\count82
\c@subsection=\count83
\c@subsubsection=\count84
\c@paragraph=\count85
\c@subparagraph=\count86
\abovecaptionskip=\skip45
\belowcaptionskip=\skip46
\c@pti@nb@sid@b@x=\box26
\c@figure=\count87
\c@table=\count88
\bibindent=\dimen102
) ("C:\Program Files (x86)\MiKTeX2.9\tex\generic\babel\babel.sty"
Package: babel 2008/07/08 v3.8m The Babel package

*************************************
* Local config file bblopts.cfg used
*
("C:\Program Files (x86)\MiKTeX2.9\tex\latex\00miktex\bblopts.cfg"
File: bblopts.cfg 2006/07/31 v1.0 MiKTeX 'babel' configuration
)
("C:\Program Files (x86)\MiKTeX2.9\tex\generic\babel\ngermanb.ldf"
Language: ngermanb 2008/07/06 v2.6n new German support from the babel system

("C:\Program Files (x86)\MiKTeX2.9\tex\generic\babel\babel.def"
File: babel.def 2008/07/08 v3.8m Babel common definitions
\babel@savecnt=\count89
\U@D=\dimen103
)
\l@naustrian = a dialect from \language\l@ngerman 
Package babel Info: Making " an active character on input line 92.
))
("C:\Program Files (x86)\MiKTeX2.9\tex\latex\base\fontenc.sty"
Package: fontenc 2005/09/27 v1.99g Standard LaTeX package

("C:\Program Files (x86)\MiKTeX2.9\tex\latex\base\t1enc.def"
File: t1enc.def 2005/09/27 v1.99g Standard LaTeX file
LaTeX Font Info:    Redeclaring font encoding T1 on input line 43.
))
("C:\Program Files (x86)\MiKTeX2.9\tex\latex\base\inputenc.sty"
Package: inputenc 2008/03/30 v1.1d Input encoding file
\inpenc@prehook=\toks15
\inpenc@posthook=\toks16

("C:\Program Files (x86)\MiKTeX2.9\tex\latex\base\ansinew.def"
File: ansinew.def 2008/03/30 v1.1d Input encoding file
))
("C:\Program Files (x86)\MiKTeX2.9\tex\latex\lm\lmodern.sty"
Package: lmodern 2009/10/30 v1.6 Latin Modern Fonts
LaTeX Font Info:    Overwriting symbol font `operators' in version `normal'
(Font)                  OT1/cmr/m/n --> OT1/lmr/m/n on input line 22.
LaTeX Font Info:    Overwriting symbol font `letters' in version `normal'
(Font)                  OML/cmm/m/it --> OML/lmm/m/it on input line 23.
LaTeX Font Info:    Overwriting symbol font `symbols' in version `normal'
(Font)                  OMS/cmsy/m/n --> OMS/lmsy/m/n on input line 24.
LaTeX Font Info:    Overwriting symbol font `largesymbols' in version `normal'
(Font)                  OMX/cmex/m/n --> OMX/lmex/m/n on input line 25.
LaTeX Font Info:    Overwriting symbol font `operators' in version `bold'
(Font)                  OT1/cmr/bx/n --> OT1/lmr/bx/n on input line 26.
LaTeX Font Info:    Overwriting symbol font `letters' in version `bold'
(Font)                  OML/cmm/b/it --> OML/lmm/b/it on input line 27.
LaTeX Font Info:    Overwriting symbol font `symbols' in version `bold'
(Font)                  OMS/cmsy/b/n --> OMS/lmsy/b/n on input line 28.
LaTeX Font Info:    Overwriting symbol font `largesymbols' in version `bold'
(Font)                  OMX/cmex/m/n --> OMX/lmex/m/n on input line 29.
LaTeX Font Info:    Overwriting math alphabet `\mathbf' in version `normal'
(Font)                  OT1/cmr/bx/n --> OT1/lmr/bx/n on input line 31.
LaTeX Font Info:    Overwriting math alphabet `\mathsf' in version `normal'
(Font)                  OT1/cmss/m/n --> OT1/lmss/m/n on input line 32.
LaTeX Font Info:    Overwriting math alphabet `\mathit' in version `normal'
(Font)                  OT1/cmr/m/it --> OT1/lmr/m/it on input line 33.
LaTeX Font Info:    Overwriting math alphabet `\mathtt' in version `normal'
(Font)                  OT1/cmtt/m/n --> OT1/lmtt/m/n on input line 34.
LaTeX Font Info:    Overwriting math alphabet `\mathbf' in version `bold'
(Font)                  OT1/cmr/bx/n --> OT1/lmr/bx/n on input line 35.
LaTeX Font Info:    Overwriting math alphabet `\mathsf' in version `bold'
(Font)                  OT1/cmss/bx/n --> OT1/lmss/bx/n on input line 36.
LaTeX Font Info:    Overwriting math alphabet `\mathit' in version `bold'
(Font)                  OT1/cmr/bx/it --> OT1/lmr/bx/it on input line 37.
LaTeX Font Info:    Overwriting math alphabet `\mathtt' in version `bold'
(Font)                  OT1/cmtt/m/n --> OT1/lmtt/m/n on input line 38.
)
("C:\Program Files (x86)\MiKTeX2.9\tex\latex\ams\math\amsmath.sty"
Package: amsmath 2000/07/18 v2.13 AMS math features
\@mathmargin=\skip47

For additional information on amsmath, use the `?' option.
("C:\Program Files (x86)\MiKTeX2.9\tex\latex\ams\math\amstext.sty"
Package: amstext 2000/06/29 v2.01

("C:\Program Files (x86)\MiKTeX2.9\tex\latex\ams\math\amsgen.sty"
File: amsgen.sty 1999/11/30 v2.0
\@emptytoks=\toks17
\ex@=\dimen104
))
("C:\Program Files (x86)\MiKTeX2.9\tex\latex\ams\math\amsbsy.sty"
Package: amsbsy 1999/11/29 v1.2d
\pmbraise@=\dimen105
)
("C:\Program Files (x86)\MiKTeX2.9\tex\latex\ams\math\amsopn.sty"
Package: amsopn 1999/12/14 v2.01 operator names
)
\inf@bad=\count90
LaTeX Info: Redefining \frac on input line 211.
\uproot@=\count91
\leftroot@=\count92
LaTeX Info: Redefining \overline on input line 307.
\classnum@=\count93
\DOTSCASE@=\count94
LaTeX Info: Redefining \ldots on input line 379.
LaTeX Info: Redefining \dots on input line 382.
LaTeX Info: Redefining \cdots on input line 467.
\Mathstrutbox@=\box27
\strutbox@=\box28
\big@size=\dimen106
LaTeX Font Info:    Redeclaring font encoding OML on input line 567.
LaTeX Font Info:    Redeclaring font encoding OMS on input line 568.
\macc@depth=\count95
\c@MaxMatrixCols=\count96
\dotsspace@=\muskip10
\c@parentequation=\count97
\dspbrk@lvl=\count98
\tag@help=\toks18
\row@=\count99
\column@=\count100
\maxfields@=\count101
\andhelp@=\toks19
\eqnshift@=\dimen107
\alignsep@=\dimen108
\tagshift@=\dimen109
\tagwidth@=\dimen110
\totwidth@=\dimen111
\lineht@=\dimen112
\@envbody=\toks20
\multlinegap=\skip48
\multlinetaggap=\skip49
\mathdisplay@stack=\toks21
LaTeX Info: Redefining \[ on input line 2666.
LaTeX Info: Redefining \] on input line 2667.
)
("C:\Program Files (x86)\MiKTeX2.9\tex\latex\amsfonts\amssymb.sty"
Package: amssymb 2009/06/22 v3.00

("C:\Program Files (x86)\MiKTeX2.9\tex\latex\amsfonts\amsfonts.sty"
Package: amsfonts 2009/06/22 v3.00 Basic AMSFonts support
\symAMSa=\mathgroup4
\symAMSb=\mathgroup5
LaTeX Font Info:    Overwriting math alphabet `\mathfrak' in version `bold'
(Font)                  U/euf/m/n --> U/euf/b/n on input line 96.
))
("C:\Program Files (x86)\MiKTeX2.9\tex\latex\ams\classes\amsthm.sty"
Package: amsthm 2004/08/06 v2.20
\thm@style=\toks22
\thm@bodyfont=\toks23
\thm@headfont=\toks24
\thm@notefont=\toks25
\thm@headpunct=\toks26
\thm@preskip=\skip50
\thm@postskip=\skip51
\thm@headsep=\skip52
\dth@everypar=\toks27
)
("C:\Program Files (x86)\MiKTeX2.9\tex\latex\enumitem\enumitem.sty"
Package: enumitem 2011/09/28 v3.5.2 Customized lists
\labelindent=\skip53
\enit@outerparindent=\dimen113
\enit@toks=\toks28
\enit@inbox=\box29
\enitdp@description=\count102
)
("C:\Program Files (x86)\MiKTeX2.9\tex\latex\listliketab\listliketab.sty"
Package: listliketab 2005/01/09 v1.0a Create list-like tabulars

("C:\Program Files (x86)\MiKTeX2.9\tex\latex\tools\calc.sty"
Package: calc 2007/08/22 v4.3 Infix arithmetic (KKT,FJ)
\calc@Acount=\count103
\calc@Bcount=\count104
\calc@Adimen=\dimen114
\calc@Bdimen=\dimen115
\calc@Askip=\skip54
\calc@Bskip=\skip55
LaTeX Info: Redefining \setlength on input line 76.
LaTeX Info: Redefining \addtolength on input line 77.
\calc@Ccount=\count105
\calc@Cskip=\skip56
)
("C:\Program Files (x86)\MiKTeX2.9\tex\latex\tools\array.sty"
Package: array 2008/09/09 v2.4c Tabular extension package (FMi)
\col@sep=\dimen116
\extrarowheight=\dimen117
\NC@list=\toks29
\extratabsurround=\skip57
\backup@length=\skip58
)
\llt@labelwidth=\skip59
\llt@labelsep=\skip60
\llt@topsep=\skip61
\llt@rightmargin=\skip62
\llt@tab@indent=\skip63
\llt@bot@sep=\skip64
\llt@arraystretch=\skip65
\llt@list@box=\box30
)
("C:\Program Files (x86)\MiKTeX2.9\tex\latex\graphics\graphicx.sty"
Package: graphicx 1999/02/16 v1.0f Enhanced LaTeX Graphics (DPC,SPQR)

("C:\Program Files (x86)\MiKTeX2.9\tex\latex\graphics\graphics.sty"
Package: graphics 2009/02/05 v1.0o Standard LaTeX Graphics (DPC,SPQR)

("C:\Program Files (x86)\MiKTeX2.9\tex\latex\graphics\trig.sty"
Package: trig 1999/03/16 v1.09 sin cos tan (DPC)
)
("C:\Program Files (x86)\MiKTeX2.9\tex\latex\00miktex\graphics.cfg"
File: graphics.cfg 2007/01/18 v1.5 graphics configuration of teTeX/TeXLive
)
Package graphics Info: Driver file: pdftex.def on input line 91.

("C:\Program Files (x86)\MiKTeX2.9\tex\latex\pdftex-def\pdftex.def"
File: pdftex.def 2011/05/27 v0.06d Graphics/color for pdfTeX

("C:\Program Files (x86)\MiKTeX2.9\tex\generic\oberdiek\infwarerr.sty"
Package: infwarerr 2010/04/08 v1.3 Providing info/warning/error messages (HO)
)
("C:\Program Files (x86)\MiKTeX2.9\tex\generic\oberdiek\ltxcmds.sty"
Package: ltxcmds 2011/11/09 v1.22 LaTeX kernel commands for general use (HO)
)
\Gread@gobject=\count106
))
\Gin@req@height=\dimen118
\Gin@req@width=\dimen119
)
(C:\Users\Zero\AppData\Roaming\MiKTeX\2.9\tex\latex\tikz-cd\tikz-cd.sty
Package: tikz-cd 2012/08/15 v0.3a Commutative diagrams with tikz.

("C:\Program Files (x86)\MiKTeX2.9\tex\latex\pgf\frontendlayer\tikz.sty"
("C:\Program Files (x86)\MiKTeX2.9\tex\latex\pgf\basiclayer\pgf.sty"
("C:\Program Files (x86)\MiKTeX2.9\tex\latex\pgf\utilities\pgfrcs.sty"
("C:\Program Files (x86)\MiKTeX2.9\tex\generic\pgf\utilities\pgfutil-common.tex
"
\pgfutil@everybye=\toks30
)
("C:\Program Files (x86)\MiKTeX2.9\tex\generic\pgf\utilities\pgfutil-latex.def"
\pgfutil@abb=\box31
("C:\Program Files (x86)\MiKTeX2.9\tex\latex\ms\everyshi.sty"
Package: everyshi 2001/05/15 v3.00 EveryShipout Package (MS)
))
("C:\Program Files (x86)\MiKTeX2.9\tex\generic\pgf\utilities\pgfrcs.code.tex"
Package: pgfrcs 2010/10/25 v2.10 (rcs-revision 1.24)
))
Package: pgf 2008/01/15 v2.10 (rcs-revision 1.12)
("C:\Program Files (x86)\MiKTeX2.9\tex\latex\pgf\basiclayer\pgfcore.sty"
("C:\Program Files (x86)\MiKTeX2.9\tex\latex\pgf\systemlayer\pgfsys.sty"
("C:\Program Files (x86)\MiKTeX2.9\tex\generic\pgf\systemlayer\pgfsys.code.tex"
Package: pgfsys 2010/06/30 v2.10 (rcs-revision 1.37)
("C:\Program Files (x86)\MiKTeX2.9\tex\generic\pgf\utilities\pgfkeys.code.tex"
\pgfkeys@pathtoks=\toks31
\pgfkeys@temptoks=\toks32

("C:\Program Files (x86)\MiKTeX2.9\tex\generic\pgf\utilities\pgfkeysfiltered.co
de.tex"
\pgfkeys@tmptoks=\toks33
))
\pgf@x=\dimen120
\pgf@y=\dimen121
\pgf@xa=\dimen122
\pgf@ya=\dimen123
\pgf@xb=\dimen124
\pgf@yb=\dimen125
\pgf@xc=\dimen126
\pgf@yc=\dimen127
\w@pgf@writea=\write3
\r@pgf@reada=\read1
\c@pgf@counta=\count107
\c@pgf@countb=\count108
\c@pgf@countc=\count109
\c@pgf@countd=\count110
 ("C:\Program Files (x86)\MiKTeX2.9\tex\generic\pgf\systemlayer\pgf.cfg"
File: pgf.cfg 2008/05/14  (rcs-revision 1.7)
)
Package pgfsys Info: Driver file for pgf: pgfsys-pdftex.def on input line 900.

("C:\Program Files (x86)\MiKTeX2.9\tex\generic\pgf\systemlayer\pgfsys-pdftex.de
f"
File: pgfsys-pdftex.def 2009/05/22  (rcs-revision 1.26)

("C:\Program Files (x86)\MiKTeX2.9\tex\generic\pgf\systemlayer\pgfsys-common-pd
f.def"
File: pgfsys-common-pdf.def 2008/05/19  (rcs-revision 1.10)
)))
("C:\Program Files (x86)\MiKTeX2.9\tex\generic\pgf\systemlayer\pgfsyssoftpath.c
ode.tex"
File: pgfsyssoftpath.code.tex 2008/07/18  (rcs-revision 1.7)
\pgfsyssoftpath@smallbuffer@items=\count111
\pgfsyssoftpath@bigbuffer@items=\count112
)
("C:\Program Files (x86)\MiKTeX2.9\tex\generic\pgf\systemlayer\pgfsysprotocol.c
ode.tex"
File: pgfsysprotocol.code.tex 2006/10/16  (rcs-revision 1.4)
)) ("C:\Program Files (x86)\MiKTeX2.9\tex\latex\xcolor\xcolor.sty"
Package: xcolor 2007/01/21 v2.11 LaTeX color extensions (UK)

("C:\Program Files (x86)\MiKTeX2.9\tex\latex\00miktex\color.cfg"
File: color.cfg 2007/01/18 v1.5 color configuration of teTeX/TeXLive
)
Package xcolor Info: Driver file: pdftex.def on input line 225.
Package xcolor Info: Model `cmy' substituted by `cmy0' on input line 1337.
Package xcolor Info: Model `hsb' substituted by `rgb' on input line 1341.
Package xcolor Info: Model `RGB' extended on input line 1353.
Package xcolor Info: Model `HTML' substituted by `rgb' on input line 1355.
Package xcolor Info: Model `Hsb' substituted by `hsb' on input line 1356.
Package xcolor Info: Model `tHsb' substituted by `hsb' on input line 1357.
Package xcolor Info: Model `HSB' substituted by `hsb' on input line 1358.
Package xcolor Info: Model `Gray' substituted by `gray' on input line 1359.
Package xcolor Info: Model `wave' substituted by `hsb' on input line 1360.
)
("C:\Program Files (x86)\MiKTeX2.9\tex\generic\pgf\basiclayer\pgfcore.code.tex"
Package: pgfcore 2010/04/11 v2.10 (rcs-revision 1.7)
("C:\Program Files (x86)\MiKTeX2.9\tex\generic\pgf\math\pgfmath.code.tex"
("C:\Program Files (x86)\MiKTeX2.9\tex\generic\pgf\math\pgfmathcalc.code.tex"
("C:\Program Files (x86)\MiKTeX2.9\tex\generic\pgf\math\pgfmathutil.code.tex")
("C:\Program Files (x86)\MiKTeX2.9\tex\generic\pgf\math\pgfmathparser.code.tex"
\pgfmath@dimen=\dimen128
\pgfmath@count=\count113
\pgfmath@box=\box32
\pgfmath@toks=\toks34
\pgfmath@stack@operand=\toks35
\pgfmath@stack@operation=\toks36
)
("C:\Program Files (x86)\MiKTeX2.9\tex\generic\pgf\math\pgfmathfunctions.code.t
ex"
("C:\Program Files (x86)\MiKTeX2.9\tex\generic\pgf\math\pgfmathfunctions.basic.
code.tex")
("C:\Program Files (x86)\MiKTeX2.9\tex\generic\pgf\math\pgfmathfunctions.trigon
ometric.code.tex")
("C:\Program Files (x86)\MiKTeX2.9\tex\generic\pgf\math\pgfmathfunctions.random
.code.tex")
("C:\Program Files (x86)\MiKTeX2.9\tex\generic\pgf\math\pgfmathfunctions.compar
ison.code.tex")
("C:\Program Files (x86)\MiKTeX2.9\tex\generic\pgf\math\pgfmathfunctions.base.c
ode.tex")
("C:\Program Files (x86)\MiKTeX2.9\tex\generic\pgf\math\pgfmathfunctions.round.
code.tex")
("C:\Program Files (x86)\MiKTeX2.9\tex\generic\pgf\math\pgfmathfunctions.misc.c
ode.tex")))
("C:\Program Files (x86)\MiKTeX2.9\tex\generic\pgf\math\pgfmathfloat.code.tex"
\c@pgfmathroundto@lastzeros=\count114
))
("C:\Program Files (x86)\MiKTeX2.9\tex\generic\pgf\basiclayer\pgfcorepoints.cod
e.tex"
File: pgfcorepoints.code.tex 2010/04/09  (rcs-revision 1.20)
\pgf@picminx=\dimen129
\pgf@picmaxx=\dimen130
\pgf@picminy=\dimen131
\pgf@picmaxy=\dimen132
\pgf@pathminx=\dimen133
\pgf@pathmaxx=\dimen134
\pgf@pathminy=\dimen135
\pgf@pathmaxy=\dimen136
\pgf@xx=\dimen137
\pgf@xy=\dimen138
\pgf@yx=\dimen139
\pgf@yy=\dimen140
\pgf@zx=\dimen141
\pgf@zy=\dimen142
)
("C:\Program Files (x86)\MiKTeX2.9\tex\generic\pgf\basiclayer\pgfcorepathconstr
uct.code.tex"
File: pgfcorepathconstruct.code.tex 2010/08/03  (rcs-revision 1.24)
\pgf@path@lastx=\dimen143
\pgf@path@lasty=\dimen144
)
("C:\Program Files (x86)\MiKTeX2.9\tex\generic\pgf\basiclayer\pgfcorepathusage.
code.tex"
File: pgfcorepathusage.code.tex 2008/04/22  (rcs-revision 1.12)
\pgf@shorten@end@additional=\dimen145
\pgf@shorten@start@additional=\dimen146
)
("C:\Program Files (x86)\MiKTeX2.9\tex\generic\pgf\basiclayer\pgfcorescopes.cod
e.tex"
File: pgfcorescopes.code.tex 2010/09/08  (rcs-revision 1.34)
\pgfpic=\box33
\pgf@hbox=\box34
\pgf@layerbox@main=\box35
\pgf@picture@serial@count=\count115
)
("C:\Program Files (x86)\MiKTeX2.9\tex\generic\pgf\basiclayer\pgfcoregraphicsta
te.code.tex"
File: pgfcoregraphicstate.code.tex 2008/04/22  (rcs-revision 1.9)
\pgflinewidth=\dimen147
)
("C:\Program Files (x86)\MiKTeX2.9\tex\generic\pgf\basiclayer\pgfcoretransforma
tions.code.tex"
File: pgfcoretransformations.code.tex 2009/06/10  (rcs-revision 1.11)
\pgf@pt@x=\dimen148
\pgf@pt@y=\dimen149
\pgf@pt@temp=\dimen150
)
("C:\Program Files (x86)\MiKTeX2.9\tex\generic\pgf\basiclayer\pgfcorequick.code
.tex"
File: pgfcorequick.code.tex 2008/10/09  (rcs-revision 1.3)
)
("C:\Program Files (x86)\MiKTeX2.9\tex\generic\pgf\basiclayer\pgfcoreobjects.co
de.tex"
File: pgfcoreobjects.code.tex 2006/10/11  (rcs-revision 1.2)
)
("C:\Program Files (x86)\MiKTeX2.9\tex\generic\pgf\basiclayer\pgfcorepathproces
sing.code.tex"
File: pgfcorepathprocessing.code.tex 2008/10/09  (rcs-revision 1.8)
)
("C:\Program Files (x86)\MiKTeX2.9\tex\generic\pgf\basiclayer\pgfcorearrows.cod
e.tex"
File: pgfcorearrows.code.tex 2008/04/23  (rcs-revision 1.11)
)
("C:\Program Files (x86)\MiKTeX2.9\tex\generic\pgf\basiclayer\pgfcoreshade.code
.tex"
File: pgfcoreshade.code.tex 2008/11/23  (rcs-revision 1.13)
\pgf@max=\dimen151
\pgf@sys@shading@range@num=\count116
)
("C:\Program Files (x86)\MiKTeX2.9\tex\generic\pgf\basiclayer\pgfcoreimage.code
.tex"
File: pgfcoreimage.code.tex 2010/03/25  (rcs-revision 1.16)

("C:\Program Files (x86)\MiKTeX2.9\tex\generic\pgf\basiclayer\pgfcoreexternal.c
ode.tex"
File: pgfcoreexternal.code.tex 2010/09/01  (rcs-revision 1.17)
\pgfexternal@startupbox=\box36
))
("C:\Program Files (x86)\MiKTeX2.9\tex\generic\pgf\basiclayer\pgfcorelayers.cod
e.tex"
File: pgfcorelayers.code.tex 2010/08/27  (rcs-revision 1.2)
)
("C:\Program Files (x86)\MiKTeX2.9\tex\generic\pgf\basiclayer\pgfcoretransparen
cy.code.tex"
File: pgfcoretransparency.code.tex 2008/01/17  (rcs-revision 1.2)
)
("C:\Program Files (x86)\MiKTeX2.9\tex\generic\pgf\basiclayer\pgfcorepatterns.c
ode.tex"
File: pgfcorepatterns.code.tex 2009/07/02  (rcs-revision 1.3)
)))
("C:\Program Files (x86)\MiKTeX2.9\tex\generic\pgf\modules\pgfmoduleshapes.code
.tex"
File: pgfmoduleshapes.code.tex 2010/09/09  (rcs-revision 1.13)
\pgfnodeparttextbox=\box37
)
("C:\Program Files (x86)\MiKTeX2.9\tex\generic\pgf\modules\pgfmoduleplot.code.t
ex"
File: pgfmoduleplot.code.tex 2010/10/22  (rcs-revision 1.8)
)
("C:\Program Files (x86)\MiKTeX2.9\tex\latex\pgf\compatibility\pgfcomp-version-
0-65.sty"
Package: pgfcomp-version-0-65 2007/07/03 v2.10 (rcs-revision 1.7)
\pgf@nodesepstart=\dimen152
\pgf@nodesepend=\dimen153
)
("C:\Program Files (x86)\MiKTeX2.9\tex\latex\pgf\compatibility\pgfcomp-version-
1-18.sty"
Package: pgfcomp-version-1-18 2007/07/23 v2.10 (rcs-revision 1.1)
))
("C:\Program Files (x86)\MiKTeX2.9\tex\latex\pgf\utilities\pgffor.sty"
("C:\Program Files (x86)\MiKTeX2.9\tex\latex\pgf\utilities\pgfkeys.sty"
("C:\Program Files (x86)\MiKTeX2.9\tex\generic\pgf\utilities\pgfkeys.code.tex")
) ("C:\Program Files (x86)\MiKTeX2.9\tex\generic\pgf\utilities\pgffor.code.tex"
Package: pgffor 2010/03/23 v2.10 (rcs-revision 1.18)
\pgffor@iter=\dimen154
\pgffor@skip=\dimen155
\pgffor@stack=\toks37
\pgffor@toks=\toks38
))
("C:\Program Files (x86)\MiKTeX2.9\tex\generic\pgf\frontendlayer\tikz\tikz.code
.tex"
Package: tikz 2010/10/13 v2.10 (rcs-revision 1.76)

("C:\Program Files (x86)\MiKTeX2.9\tex\generic\pgf\libraries\pgflibraryplothand
lers.code.tex"
File: pgflibraryplothandlers.code.tex 2010/05/31 v2.10 (rcs-revision 1.15)
\pgf@plot@mark@count=\count117
\pgfplotmarksize=\dimen156
)
\tikz@lastx=\dimen157
\tikz@lasty=\dimen158
\tikz@lastxsaved=\dimen159
\tikz@lastysaved=\dimen160
\tikzleveldistance=\dimen161
\tikzsiblingdistance=\dimen162
\tikz@figbox=\box38
\tikz@tempbox=\box39
\tikztreelevel=\count118
\tikznumberofchildren=\count119
\tikznumberofcurrentchild=\count120
\tikz@fig@count=\count121

("C:\Program Files (x86)\MiKTeX2.9\tex\generic\pgf\modules\pgfmodulematrix.code
.tex"
File: pgfmodulematrix.code.tex 2010/08/24  (rcs-revision 1.4)
\pgfmatrixcurrentrow=\count122
\pgfmatrixcurrentcolumn=\count123
\pgf@matrix@numberofcolumns=\count124
)
\tikz@expandcount=\count125

("C:\Program Files (x86)\MiKTeX2.9\tex\generic\pgf\frontendlayer\tikz\libraries
\tikzlibrarytopaths.code.tex"
File: tikzlibrarytopaths.code.tex 2008/06/17 v2.10 (rcs-revision 1.2)
)))
("C:\Program Files (x86)\MiKTeX2.9\tex\generic\pgf\frontendlayer\tikz\libraries
\tikzlibrarymatrix.code.tex"
File: tikzlibrarymatrix.code.tex 2008/06/18 v2.10 (rcs-revision 1.2)
)
\tikzcd@targetrow=\count126
\tikzcd@targetcol=\count127
)
("C:\Program Files (x86)\MiKTeX2.9\tex\latex\hyperref\hyperref.sty"
Package: hyperref 2012/11/06 v6.83m Hypertext links for LaTeX

("C:\Program Files (x86)\MiKTeX2.9\tex\generic\oberdiek\hobsub-hyperref.sty"
Package: hobsub-hyperref 2012/04/25 v1.12 Bundle oberdiek, subset hyperref (HO)


("C:\Program Files (x86)\MiKTeX2.9\tex\generic\oberdiek\hobsub-generic.sty"
Package: hobsub-generic 2012/04/25 v1.12 Bundle oberdiek, subset generic (HO)
Package: hobsub 2012/04/25 v1.12 Construct package bundles (HO)
Package hobsub Info: Skipping package `infwarerr' (already loaded).
Package hobsub Info: Skipping package `ltxcmds' (already loaded).
Package: ifluatex 2010/03/01 v1.3 Provides the ifluatex switch (HO)
Package ifluatex Info: LuaTeX not detected.
Package: ifvtex 2010/03/01 v1.5 Detect VTeX and its facilities (HO)
Package ifvtex Info: VTeX not detected.
Package: intcalc 2007/09/27 v1.1 Expandable calculations with integers (HO)
Package: ifpdf 2011/01/30 v2.3 Provides the ifpdf switch (HO)
Package ifpdf Info: pdfTeX in PDF mode is detected.
Package: etexcmds 2011/02/16 v1.5 Avoid name clashes with e-TeX commands (HO)
Package etexcmds Info: Could not find \expanded.
(etexcmds)             That can mean that you are not using pdfTeX 1.50 or
(etexcmds)             that some package has redefined \expanded.
(etexcmds)             In the latter case, load this package earlier.
Package: kvsetkeys 2012/04/25 v1.16 Key value parser (HO)
Package: kvdefinekeys 2011/04/07 v1.3 Define keys (HO)
Package: pdftexcmds 2011/11/29 v0.20 Utility functions of pdfTeX for LuaTeX (HO
)
Package pdftexcmds Info: LuaTeX not detected.
Package pdftexcmds Info: \pdf@primitive is available.
Package pdftexcmds Info: \pdf@ifprimitive is available.
Package pdftexcmds Info: \pdfdraftmode found.
Package: pdfescape 2011/11/25 v1.13 Implements pdfTeX's escape features (HO)
Package: bigintcalc 2012/04/08 v1.3 Expandable calculations on big integers (HO
)
Package: bitset 2011/01/30 v1.1 Handle bit-vector datatype (HO)
Package: uniquecounter 2011/01/30 v1.2 Provide unlimited unique counter (HO)
)
Package hobsub Info: Skipping package `hobsub' (already loaded).
Package: letltxmacro 2010/09/02 v1.4 Let assignment for LaTeX macros (HO)
Package: hopatch 2011/06/24 v1.1 Wrapper for package hooks (HO)
Package: xcolor-patch 2011/01/30 xcolor patch
Package: atveryend 2011/06/30 v1.8 Hooks at the very end of document (HO)
Package atveryend Info: \enddocument detected (standard20110627).
Package: atbegshi 2011/10/05 v1.16 At begin shipout hook (HO)
Package: refcount 2011/10/16 v3.4 Data extraction from label references (HO)
Package: hycolor 2011/01/30 v1.7 Color options for hyperref/bookmark (HO)
)
("C:\Program Files (x86)\MiKTeX2.9\tex\generic\ifxetex\ifxetex.sty"
Package: ifxetex 2010/09/12 v0.6 Provides ifxetex conditional
)
("C:\Program Files (x86)\MiKTeX2.9\tex\latex\oberdiek\auxhook.sty"
Package: auxhook 2011/03/04 v1.3 Hooks for auxiliary files (HO)
)
("C:\Program Files (x86)\MiKTeX2.9\tex\latex\oberdiek\kvoptions.sty"
Package: kvoptions 2011/06/30 v3.11 Key value format for package options (HO)
)
\@linkdim=\dimen163
\Hy@linkcounter=\count128
\Hy@pagecounter=\count129

("C:\Program Files (x86)\MiKTeX2.9\tex\latex\hyperref\pd1enc.def"
File: pd1enc.def 2012/11/06 v6.83m Hyperref: PDFDocEncoding definition (HO)
)
\Hy@SavedSpaceFactor=\count130

("C:\Program Files (x86)\MiKTeX2.9\tex\latex\00miktex\hyperref.cfg"
File: hyperref.cfg 2002/06/06 v1.2 hyperref configuration of TeXLive
)
Package hyperref Info: Option `colorlinks' set `false' on input line 4319.
Package hyperref Info: Hyper figures OFF on input line 4443.
Package hyperref Info: Link nesting OFF on input line 4448.
Package hyperref Info: Hyper index ON on input line 4451.
Package hyperref Info: Plain pages OFF on input line 4458.
Package hyperref Info: Backreferencing OFF on input line 4463.
Package hyperref Info: Implicit mode ON; LaTeX internals redefined.
Package hyperref Info: Bookmarks ON on input line 4688.
\c@Hy@tempcnt=\count131

("C:\Program Files (x86)\MiKTeX2.9\tex\latex\ltxmisc\url.sty"
\Urlmuskip=\muskip11
Package: url 2006/04/12  ver 3.3  Verb mode for urls, etc.
)
LaTeX Info: Redefining \url on input line 5041.
\XeTeXLinkMargin=\dimen164
\Fld@menulength=\count132
\Field@Width=\dimen165
\Fld@charsize=\dimen166
Package hyperref Info: Hyper figures OFF on input line 6295.
Package hyperref Info: Link nesting OFF on input line 6300.
Package hyperref Info: Hyper index ON on input line 6303.
Package hyperref Info: backreferencing OFF on input line 6310.
Package hyperref Info: Link coloring OFF on input line 6315.
Package hyperref Info: Link coloring with OCG OFF on input line 6320.
Package hyperref Info: PDF/A mode OFF on input line 6325.
LaTeX Info: Redefining \ref on input line 6365.
LaTeX Info: Redefining \pageref on input line 6369.
\Hy@abspage=\count133
\c@Item=\count134
\c@Hfootnote=\count135
)

Package hyperref Message: Driver (autodetected): hpdftex.

("C:\Program Files (x86)\MiKTeX2.9\tex\latex\hyperref\hpdftex.def"
File: hpdftex.def 2012/11/06 v6.83m Hyperref driver for pdfTeX
\Fld@listcount=\count136
\c@bookmark@seq@number=\count137

("C:\Program Files (x86)\MiKTeX2.9\tex\latex\oberdiek\rerunfilecheck.sty"
Package: rerunfilecheck 2011/04/15 v1.7 Rerun checks for auxiliary files (HO)
Package uniquecounter Info: New unique counter `rerunfilecheck' on input line 2
82.
)
\Hy@SectionHShift=\skip66
)
("C:\Program Files (x86)\MiKTeX2.9\tex\latex\cleveref\cleveref.sty"
Package: cleveref 2012/09/25 v0.18.6 Intelligent cross-referencing
Package cleveref Info: `hyperref' support loaded on input line 2163.
LaTeX Info: Redefining \cref on input line 2163.
LaTeX Info: Redefining \Cref on input line 2163.
LaTeX Info: Redefining \crefrange on input line 2163.
LaTeX Info: Redefining \Crefrange on input line 2163.
LaTeX Info: Redefining \cpageref on input line 2163.
LaTeX Info: Redefining \Cpageref on input line 2163.
LaTeX Info: Redefining \cpagerefrange on input line 2163.
LaTeX Info: Redefining \Cpagerefrange on input line 2163.
LaTeX Info: Redefining \labelcref on input line 2163.
LaTeX Info: Redefining \labelcpageref on input line 2163.
Package cleveref Info: `amsthm' support loaded on input line 2578.
Package cleveref Info: include cross-reference names in hyperlinks on input lin
e 6902.
Package cleveref Info: include cross-reference names in hyperlinks on input lin
e 6919.
)
("C:\Program Files (x86)\MiKTeX2.9\tex\latex\listings\listings.sty"
\lst@mode=\count138
\lst@gtempboxa=\box40
\lst@token=\toks39
\lst@length=\count139
\lst@currlwidth=\dimen167
\lst@column=\count140
\lst@pos=\count141
\lst@lostspace=\dimen168
\lst@width=\dimen169
\lst@newlines=\count142
\lst@lineno=\count143
\lst@maxwidth=\dimen170

("C:\Program Files (x86)\MiKTeX2.9\tex\latex\listings\lstmisc.sty"
File: lstmisc.sty 2007/02/22 1.4 (Carsten Heinz)
\c@lstnumber=\count144
\lst@skipnumbers=\count145
\lst@framebox=\box41
)
("C:\Program Files (x86)\MiKTeX2.9\tex\latex\listings\listings.cfg"
File: listings.cfg 2007/02/22 1.4 listings configuration
))
Package: listings 2007/02/22 1.4 (Carsten Heinz)

("C:\Program Files (x86)\MiKTeX2.9\tex\latex\koma-script\scrpage2.sty"
Package: scrpage2 2010/04/22 v2.5 LaTeX2e KOMA-Script package
LaTeX Info: Redefining \pagemark on input line 176.
)
("C:\Program Files (x86)\MiKTeX2.9\tex\latex\natbib\natbib.sty"
Package: natbib 2010/09/13 8.31b (PWD, AO)
\bibhang=\skip67
\bibsep=\skip68
LaTeX Info: Redefining \cite on input line 694.
\c@NAT@ctr=\count146
)
\c@satz=\count147
LaTeX Info: Redefining \Div0 on input line 188.
LaTeX Info: Redefining \Pic0 on input line 190.

("E:\Zero\Documents\Uni\Semester VIII\Bachelorarbeit\LaTeX\Bachelorarbeit - Ell
iptische Kurven\document.aux")
LaTeX Font Info:    Checking defaults for OML/cmm/m/it on input line 212.
LaTeX Font Info:    ... okay on input line 212.
LaTeX Font Info:    Checking defaults for T1/cmr/m/n on input line 212.
LaTeX Font Info:    ... okay on input line 212.
LaTeX Font Info:    Checking defaults for OT1/cmr/m/n on input line 212.
LaTeX Font Info:    ... okay on input line 212.
LaTeX Font Info:    Checking defaults for OMS/cmsy/m/n on input line 212.
LaTeX Font Info:    ... okay on input line 212.
LaTeX Font Info:    Checking defaults for OMX/cmex/m/n on input line 212.
LaTeX Font Info:    ... okay on input line 212.
LaTeX Font Info:    Checking defaults for U/cmr/m/n on input line 212.
LaTeX Font Info:    ... okay on input line 212.
LaTeX Font Info:    Checking defaults for PD1/pdf/m/n on input line 212.
LaTeX Font Info:    ... okay on input line 212.
LaTeX Font Info:    Try loading font information for T1+lmr on input line 212.

("C:\Program Files (x86)\MiKTeX2.9\tex\latex\lm\t1lmr.fd"
File: t1lmr.fd 2009/10/30 v1.6 Font defs for Latin Modern
)
("C:\Program Files (x86)\MiKTeX2.9\tex\context\base\supp-pdf.mkii"
[Loading MPS to PDF converter (version 2006.09.02).]
\scratchcounter=\count148
\scratchdimen=\dimen171
\scratchbox=\box42
\nofMPsegments=\count149
\nofMParguments=\count150
\everyMPshowfont=\toks40
\MPscratchCnt=\count151
\MPscratchDim=\dimen172
\MPnumerator=\count152
\makeMPintoPDFobject=\count153
\everyMPtoPDFconversion=\toks41
) ABD: EveryShipout initializing macros
\AtBeginShipoutBox=\box43
Package hyperref Info: Link coloring OFF on input line 212.

("C:\Program Files (x86)\MiKTeX2.9\tex\latex\hyperref\nameref.sty"
Package: nameref 2012/10/27 v2.43 Cross-referencing by name of section

("C:\Program Files (x86)\MiKTeX2.9\tex\generic\oberdiek\gettitlestring.sty"
Package: gettitlestring 2010/12/03 v1.4 Cleanup title references (HO)
)
\c@section@level=\count154
)
LaTeX Info: Redefining \ref on input line 212.
LaTeX Info: Redefining \pageref on input line 212.
LaTeX Info: Redefining \nameref on input line 212.

("E:\Zero\Documents\Uni\Semester VIII\Bachelorarbeit\LaTeX\Bachelorarbeit - Ell
iptische Kurven\document.out")
("E:\Zero\Documents\Uni\Semester VIII\Bachelorarbeit\LaTeX\Bachelorarbeit - Ell
iptische Kurven\document.out")
\@outlinefile=\write4
\c@lstlisting=\count155
LaTeX Font Info:    Try loading font information for T1+lmss on input line 229.


("C:\Program Files (x86)\MiKTeX2.9\tex\latex\lm\t1lmss.fd"
File: t1lmss.fd 2009/10/30 v1.6 Font defs for Latin Modern
) [1




{C:/Users/Zero/AppData/Local/MiKTeX/2.9/pdftex/config/pdftex.map}] [2


]

Class scrbook Warning: \float@addtolists detected!
(scrbook)              You should use the features of package `tocbasic'
(scrbook)              instead of \float@addtolists.
(scrbook)              Support for \float@addtolists may be removed from
(scrbook)              `scrbook' soon .


Package natbib Warning: Citation `hewittHistory' on page iii undefined on input
 line 300.


Package natbib Warning: Citation `Miller1986EllipticCurvesInCryptography' on pa
ge iii undefined on input line 302.


Package natbib Warning: Citation `koblitzElliptic' on page iii undefined on inp
ut line 303.

LaTeX Font Info:    Try loading font information for OT1+lmr on input line 305.

("C:\Program Files (x86)\MiKTeX2.9\tex\latex\lm\ot1lmr.fd"
File: ot1lmr.fd 2009/10/30 v1.6 Font defs for Latin Modern
)
LaTeX Font Info:    Try loading font information for OML+lmm on input line 305.


("C:\Program Files (x86)\MiKTeX2.9\tex\latex\lm\omllmm.fd"
File: omllmm.fd 2009/10/30 v1.6 Font defs for Latin Modern
)
LaTeX Font Info:    Try loading font information for OMS+lmsy on input line 305
.

("C:\Program Files (x86)\MiKTeX2.9\tex\latex\lm\omslmsy.fd"
File: omslmsy.fd 2009/10/30 v1.6 Font defs for Latin Modern
)
LaTeX Font Info:    Try loading font information for OMX+lmex on input line 305
.

("C:\Program Files (x86)\MiKTeX2.9\tex\latex\lm\omxlmex.fd"
File: omxlmex.fd 2009/10/30 v1.6 Font defs for Latin Modern
)
LaTeX Font Info:    External font `lmex10' loaded for size
(Font)              <10.95> on input line 305.
LaTeX Font Info:    External font `lmex10' loaded for size
(Font)              <8> on input line 305.
LaTeX Font Info:    External font `lmex10' loaded for size
(Font)              <6> on input line 305.
LaTeX Font Info:    Try loading font information for U+msa on input line 305.

("C:\Program Files (x86)\MiKTeX2.9\tex\latex\amsfonts\umsa.fd"
File: umsa.fd 2009/06/22 v3.00 AMS symbols A
)
LaTeX Font Info:    Try loading font information for U+msb on input line 305.

("C:\Program Files (x86)\MiKTeX2.9\tex\latex\amsfonts\umsb.fd"
File: umsb.fd 2009/06/22 v3.00 AMS symbols B
)

Package natbib Warning: Citation `MOV1993' on page iii undefined on input line 
326.


Package natbib Warning: Citation `miller2004WeilPairing' on page iii undefined 
on input line 330.

[3

]

Package natbib Warning: Citation `ruppert' on page iv undefined on input line 3
64.

[4]
("E:\Zero\Documents\Uni\Semester VIII\Bachelorarbeit\LaTeX\Bachelorarbeit - Ell
iptische Kurven\document.toc" [5

])
\tf@toc=\write5
 [6] [1



]
Kapitel 1.

Package natbib Warning: Citation `silverman2009arithmetic' on page 2 undefined 
on input line 410.


Overfull \hbox (8.57486pt too wide) in paragraph at lines 433--435
[][]\T1/lmr/m/n/10.95 Wir nen-nen $\OML/lmm/m/it/10.95 V$ \T1/lmr/m/n/10.95 de-
fi-niert über $\OML/lmm/m/it/10.95 K$\T1/lmr/m/n/10.95 , ge-schrie-ben $\OML/lm
m/m/it/10.95 V=K$\T1/lmr/m/n/10.95 , falls $\OML/lmm/m/it/10.95 I\OT1/lmr/m/n/1
0.95 (\OML/lmm/m/it/10.95 V\OT1/lmr/m/n/10.95 )$ \T1/lmr/m/n/10.95 nur durch Po
-ly-no-me aus $\OML/lmm/m/it/10.95 K\OT1/lmr/m/n/10.95 [\OML/lmm/m/it/10.95 X[]
; [] ; X[]\OT1/lmr/m/n/10.95 ]$
 []

[2

pdfTeX warning (ext4): destination with the same identifier (name{satz.1.1}) ha
s been already used, duplicate ignored

\@EveryShipout@Output ...@Org@Shipout \box \@cclv 
                                                  
l.451 ...speq{:=} K[X_1,\dots, X_n] \big/ I(V/K)$$
                                                  pdfTeX warning (ext4): destin
ation with the same identifier (name{satz.1.2}) has been already used, duplicat
e ignored

\@EveryShipout@Output ...@Org@Shipout \box \@cclv 
                                                  
l.451 ...speq{:=} K[X_1,\dots, X_n] \big/ I(V/K)$$
                                                  pdfTeX warning (ext4): destin
ation with the same identifier (name{satz.1.3}) has been already used, duplicat
e ignored

\@EveryShipout@Output ...@Org@Shipout \box \@cclv 
                                                  
l.451 ...speq{:=} K[X_1,\dots, X_n] \big/ I(V/K)$$
                                                  ]

Package amsfonts Warning: Obsolete command \frak; \mathfrak should be used inst
ead on input line 465.

LaTeX Font Info:    Try loading font information for U+euf on input line 465.
("C:\Program Files (x86)\MiKTeX2.9\tex\latex\amsfonts\ueuf.fd"
File: ueuf.fd 2009/06/22 v3.00 Euler Fraktur
)

Package amsmath Warning: Foreign command \atop;
(amsmath)                \frac or \genfrac should be used instead
(amsmath)                 on input line 492.

[3pdfTeX warning (ext4): destination with the same identifier (name{satz.1.4}) 
has been already used, duplicate ignored

\@EveryShipout@Output ...@Org@Shipout \box \@cclv 
                                                  
l.527 	\quad\forall\lambda \in \Kb\,.$$
                                       pdfTeX warning (ext4): destination with 
the same identifier (name{satz.1.5}) has been already used, duplicate ignored

\@EveryShipout@Output ...@Org@Shipout \box \@cclv 
                                                  
l.527 	\quad\forall\lambda \in \Kb\,.$$
                                       pdfTeX warning (ext4): destination with 
the same identifier (name{satz.1.6}) has been already used, duplicate ignored

\@EveryShipout@Output ...@Org@Shipout \box \@cclv 
                                                  
l.527 	\quad\forall\lambda \in \Kb\,.$$
                                       pdfTeX warning (ext4): destination with 
the same identifier (name{satz.1.7}) has been already used, duplicate ignored

\@EveryShipout@Output ...@Org@Shipout \box \@cclv 
                                                  
l.527 	\quad\forall\lambda \in \Kb\,.$$
                                       pdfTeX warning (ext4): destination with 
the same identifier (name{satz.1.8}) has been already used, duplicate ignored

\@EveryShipout@Output ...@Org@Shipout \box \@cclv 
                                                  
l.527 	\quad\forall\lambda \in \Kb\,.$$
                                       pdfTeX warning (ext4): destination with 
the same identifier (name{satz.1.9}) has been already used, duplicate ignored

\@EveryShipout@Output ...@Org@Shipout \box \@cclv 
                                                  
l.527 	\quad\forall\lambda \in \Kb\,.$$
                                       ]
Overfull \hbox (8.53714pt too wide) in paragraph at lines 565--567
[][]\T1/lmr/m/n/10.95 Es ist klar, dass wir für $\OML/lmm/m/it/10.95 i \OMS/lms
y/m/n/10.95 2 f\OT1/lmr/m/n/10.95 1\OML/lmm/m/it/10.95 ; [] ; n\OMS/lmsy/m/n/10
.95 g$ \T1/lmr/m/n/10.95 fol-gen-de In-klu-sio-nen an-ge-ben kön-nen: 
 []


Overfull \hbox (50.56804pt too wide) in paragraph at lines 579--581
[][]\T1/lmr/m/n/10.95 Dies wol-len wir auf Po-ly-no-me und an-schlie-ÿend auf a
l-ge-brai-sche Men-gen über-tra-gen: 
 []

[4pdfTeX warning (ext4): destination with the same identifier (name{satz.1.10})
 has been already used, duplicate ignored

\@EveryShipout@Output ...@Org@Shipout \box \@cclv 
                                                  
l.605 	$$
         \{f^\ast(X):\ f\in I(V)\}\,.$$pdfTeX warning (ext4): destination with 
the same identifier (name{satz.1.11}) has been already used, duplicate ignored

\@EveryShipout@Output ...@Org@Shipout \box \@cclv 
                                                  
l.605 	$$
         \{f^\ast(X):\ f\in I(V)\}\,.$$pdfTeX warning (ext4): destination with 
the same identifier (name{satz.1.12}) has been already used, duplicate ignored

\@EveryShipout@Output ...@Org@Shipout \box \@cclv 
                                                  
l.605 	$$
         \{f^\ast(X):\ f\in I(V)\}\,.$$pdfTeX warning (ext4): destination with 
the same identifier (name{satz.1.13}) has been already used, duplicate ignored

\@EveryShipout@Output ...@Org@Shipout \box \@cclv 
                                                  
l.605 	$$
         \{f^\ast(X):\ f\in I(V)\}\,.$$]

Package natbib Warning: Citation `silverman2009arithmetic' on page 5 undefined 
on input line 609.

LaTeX Font Info:    Font shape `T1/lmss/m/it' in size <10.95> not available
(Font)              Font shape `T1/lmss/m/sl' tried instead on input line 626.
[5pdfTeX warning (ext4): destination with the same identifier (name{satz.1.14})
 has been already used, duplicate ignored

\@EveryShipout@Output ...@Org@Shipout \box \@cclv 
                                                  
l.780 \chapter
              {Divisoren}pdfTeX warning (ext4): destination with the same ident
ifier (name{satz.1.16}) has been already used, duplicate ignored

\@EveryShipout@Output ...@Org@Shipout \box \@cclv 
                                                  
l.780 \chapter
              {Divisoren}pdfTeX warning (ext4): destination with the same ident
ifier (name{satz.1.17}) has been already used, duplicate ignored

\@EveryShipout@Output ...@Org@Shipout \box \@cclv 
                                                  
l.780 \chapter
              {Divisoren}pdfTeX warning (ext4): destination with the same ident
ifier (name{satz.1.18}) has been already used, duplicate ignored

\@EveryShipout@Output ...@Org@Shipout \box \@cclv 
                                                  
l.780 \chapter
              {Divisoren}pdfTeX warning (ext4): destination with the same ident
ifier (name{satz.1.19}) has been already used, duplicate ignored

\@EveryShipout@Output ...@Org@Shipout \box \@cclv 
                                                  
l.780 \chapter
              {Divisoren}pdfTeX warning (ext4): destination with the same ident
ifier (name{satz.1.20}) has been already used, duplicate ignored

\@EveryShipout@Output ...@Org@Shipout \box \@cclv 
                                                  
l.780 \chapter
              {Divisoren}]
Kapitel 2.

Package natbib Warning: Citation `silverman2009arithmetic' on page 6 undefined 
on input line 785.


Package natbib Warning: Citation `silverman2009arithmetic' on page 6 undefined 
on input line 796.

[6

pdfTeX warning (ext4): destination with the same identifier (name{satz.2.1}) ha
s been already used, duplicate ignored

\@EveryShipout@Output ...@Org@Shipout \box \@cclv 
                                                  
l.831 ...rac{f_1(X,Y)}{f_2(X,Y)} \in \Kb[E]_P\,.$$
                                                  pdfTeX warning (ext4): destin
ation with the same identifier (name{satz.2.2}) has been already used, duplicat
e ignored

\@EveryShipout@Output ...@Org@Shipout \box \@cclv 
                                                  
l.831 ...rac{f_1(X,Y)}{f_2(X,Y)} \in \Kb[E]_P\,.$$
                                                  pdfTeX warning (ext4): destin
ation with the same identifier (name{satz.2.3}) has been already used, duplicat
e ignored

\@EveryShipout@Output ...@Org@Shipout \box \@cclv 
                                                  
l.831 ...rac{f_1(X,Y)}{f_2(X,Y)} \in \Kb[E]_P\,.$$
                                                  ] [7]

Package natbib Warning: Citation `silverman2009arithmetic' on page 8 undefined 
on input line 903.

[8pdfTeX warning (ext4): destination with the same identifier (name{satz.2.4}) 
has been already used, duplicate ignored

\@EveryShipout@Output ...@Org@Shipout \box \@cclv 
                                                  
l.939 \end{proof}
                 pdfTeX warning (ext4): destination with the same identifier (n
ame{satz.2.5}) has been already used, duplicate ignored

\@EveryShipout@Output ...@Org@Shipout \box \@cclv 
                                                  
l.939 \end{proof}
                 ]

Package natbib Warning: Citation `silverman2009arithmetic' on page 9 undefined 
on input line 948.


Package natbib Warning: Citation `hartshorne1977algebraic' on page 9 undefined 
on input line 981.


Package natbib Warning: Citation `silverman2009arithmetic' on page 9 undefined 
on input line 989.

[9pdfTeX warning (ext4): destination with the same identifier (name{satz.2.6}) 
has been already used, duplicate ignored

\@EveryShipout@Output ...@Org@Shipout \box \@cclv 
                                                  
l.1010 ...(D) - \l(K-D) \speq= \deg D - g + 1\,.$$
                                                  pdfTeX warning (ext4): destin
ation with the same identifier (name{satz.2.7}) has been already used, duplicat
e ignored

\@EveryShipout@Output ...@Org@Shipout \box \@cclv 
                                                  
l.1010 ...(D) - \l(K-D) \speq= \deg D - g + 1\,.$$
                                                  pdfTeX warning (ext4): destin
ation with the same identifier (name{satz.2.8}) has been already used, duplicat
e ignored

\@EveryShipout@Output ...@Org@Shipout \box \@cclv 
                                                  
l.1010 ...(D) - \l(K-D) \speq= \deg D - g + 1\,.$$
                                                  pdfTeX warning (ext4): destin
ation with the same identifier (name{satz.2.9}) has been already used, duplicat
e ignored

\@EveryShipout@Output ...@Org@Shipout \box \@cclv 
                                                  
l.1010 ...(D) - \l(K-D) \speq= \deg D - g + 1\,.$$
                                                  pdfTeX warning (ext4): destin
ation with the same identifier (name{satz.2.10}) has been already used, duplica
te ignored

\@EveryShipout@Output ...@Org@Shipout \box \@cclv 
                                                  
l.1010 ...(D) - \l(K-D) \speq= \deg D - g + 1\,.$$
                                                  pdfTeX warning (ext4): destin
ation with the same identifier (name{satz.2.11}) has been already used, duplica
te ignored

\@EveryShipout@Output ...@Org@Shipout \box \@cclv 
                                                  
l.1010 ...(D) - \l(K-D) \speq= \deg D - g + 1\,.$$
                                                  pdfTeX warning (ext4): destin
ation with the same identifier (name{satz.2.12}) has been already used, duplica
te ignored

\@EveryShipout@Output ...@Org@Shipout \box \@cclv 
                                                  
l.1010 ...(D) - \l(K-D) \speq= \deg D - g + 1\,.$$
                                                  ]

Package natbib Warning: Citation `hartshorne1977algebraic' on page 10 undefined
 on input line 1013.


Package natbib Warning: Citation `silverman2009arithmetic' on page 10 undefined
 on input line 1020.

[10pdfTeX warning (ext4): destination with the same identifier (name{satz.2.14}
) has been already used, duplicate ignored

\@EveryShipout@Output ...@Org@Shipout \box \@cclv 
                                                  
l.1055 \chapter
               {Elliptische Kurven}pdfTeX warning (ext4): destination with the 
same identifier (name{satz.2.15}) has been already used, duplicate ignored

\@EveryShipout@Output ...@Org@Shipout \box \@cclv 
                                                  
l.1055 \chapter
               {Elliptische Kurven}]
Kapitel 3.

Overfull \hbox (41.80086pt too wide) in paragraph at lines 1071--1074
\T1/lmr/m/n/10.95 Glei-chun-gen vor-stel-len kön-nen. Die-se Glei-chun-gen hei-
ÿen Weierstraÿ-Gleichungen: 
 []


Package natbib Warning: Citation `silverman2009arithmetic' on page 11 undefined
 on input line 1102.


Package natbib Warning: Citation `silverman2009arithmetic' on page 11 undefined
 on input line 1113.


Overfull \hbox (65.10127pt too wide) in paragraph at lines 1116--1119
\T1/lmr/m/n/10.95 Gleichung vor-stel-len. Wir sa-gen auch, $\OML/lmm/m/it/10.95
 E=K$ \T1/lmr/m/n/10.95 ist in Wei-er-straÿ-scher Nor-mal-form ge-ge-ben. 
 []

[11

pdfTeX warning (ext4): destination with the same identifier (name{satz.3.1}) ha
s been already used, duplicate ignored

\@EveryShipout@Output ...@Org@Shipout \box \@cclv 
                                                  
l.1119 
       pdfTeX warning (ext4): destination with the same identifier (name{satz.3
.2}) has been already used, duplicate ignored

\@EveryShipout@Output ...@Org@Shipout \box \@cclv 
                                                  
l.1119 
       pdfTeX warning (ext4): destination with the same identifier (name{satz.3
.3}) has been already used, duplicate ignored

\@EveryShipout@Output ...@Org@Shipout \box \@cclv 
                                                  
l.1119 
       ]

Package natbib Warning: Citation `silverman2009arithmetic' on page 12 undefined
 on input line 1140.


Package natbib Warning: Citation `silverman2009arithmetic' on page 12 undefined
 on input line 1173.

[12pdfTeX warning (ext4): destination with the same identifier (name{satz.3.4})
 has been already used, duplicate ignored

\@EveryShipout@Output ...@Org@Shipout \box \@cclv 
                                                  
l.1188 
       pdfTeX warning (ext4): destination with the same identifier (name{satz.3
.5}) has been already used, duplicate ignored

\@EveryShipout@Output ...@Org@Shipout \box \@cclv 
                                                  
l.1188 
       pdfTeX warning (ext4): destination with the same identifier (name{satz.3
.6}) has been already used, duplicate ignored

\@EveryShipout@Output ...@Org@Shipout \box \@cclv 
                                                  
l.1188 
       pdfTeX warning (ext4): destination with the same identifier (name{satz.3
.7}) has been already used, duplicate ignored

\@EveryShipout@Output ...@Org@Shipout \box \@cclv 
                                                  
l.1188 
       pdfTeX warning (ext4): destination with the same identifier (name{satz.3
.8}) has been already used, duplicate ignored

\@EveryShipout@Output ...@Org@Shipout \box \@cclv 
                                                  
l.1188 
       pdfTeX warning (ext4): destination with the same identifier (name{satz.3
.9}) has been already used, duplicate ignored

\@EveryShipout@Output ...@Org@Shipout \box \@cclv 
                                                  
l.1188 
       pdfTeX warning (ext4): destination with the same identifier (name{satz.3
.10}) has been already used, duplicate ignored

\@EveryShipout@Output ...@Org@Shipout \box \@cclv 
                                                  
l.1188 
       ]

Package natbib Warning: Citation `hartshorne1977algebraic' on page 13 undefined
 on input line 1198.


Package natbib Warning: Citation `silverman2009arithmetic' on page 13 undefined
 on input line 1212.


Package natbib Warning: Citation `silverman2009arithmetic' on page 13 undefined
 on input line 1225.

[13pdfTeX warning (ext4): destination with the same identifier (name{satz.3.12}
) has been already used, duplicate ignored

\@EveryShipout@Output ...@Org@Shipout \box \@cclv 
                                                  
l.1247 	  \end{center}
                      pdfTeX warning (ext4): destination with the same identifi
er (name{satz.3.13}) has been already used, duplicate ignored

\@EveryShipout@Output ...@Org@Shipout \box \@cclv 
                                                  
l.1247 	  \end{center}
                      ]

Package natbib Warning: Citation `silverman2009arithmetic' on page 14 undefined
 on input line 1266.

[14pdfTeX warning (ext4): destination with the same identifier (name{satz.3.14}
) has been already used, duplicate ignored

\@EveryShipout@Output ...@Org@Shipout \box \@cclv 
                                                  
l.1302 	  		D_1 \sim D_2\,.$$
                             pdfTeX warning (ext4): destination with the same i
dentifier (name{satz.3.15}) has been already used, duplicate ignored

\@EveryShipout@Output ...@Org@Shipout \box \@cclv 
                                                  
l.1302 	  		D_1 \sim D_2\,.$$
                             ] [15] [16pdfTeX warning (ext4): destination with 
the same identifier (name{satz.3.16}) has been already used, duplicate ignored

\@EveryShipout@Output ...@Org@Shipout \box \@cclv 
                                                  
l.1404 \end{prop}
                 pdfTeX warning (ext4): destination with the same identifier (n
ame{satz.3.17}) has been already used, duplicate ignored

\@EveryShipout@Output ...@Org@Shipout \box \@cclv 
                                                  
l.1404 \end{prop}
                 pdfTeX warning (ext4): destination with the same identifier (n
ame{satz.3.18}) has been already used, duplicate ignored

\@EveryShipout@Output ...@Org@Shipout \box \@cclv 
                                                  
l.1404 \end{prop}
                 ]

Package natbib Warning: Citation `silverman2009arithmetic' on page 17 undefined
 on input line 1406.


Package natbib Warning: Citation `washington2003elliptic' on page 17 undefined 
on input line 1407.

[17pdfTeX warning (ext4): destination with the same identifier (name{satz.3.19}
) has been already used, duplicate ignored

\@EveryShipout@Output ...@Org@Shipout \box \@cclv 
                                                  
l.1466 	  	0\,.$$
                 ] [18]
Kapitel 4.

Overfull \hbox (67.84482pt too wide) in paragraph at lines 1491--1493
[][]\T1/lmr/m/n/10.95 Darüber hin-aus wer-den wir ein Re-sul-tat über die Struk
-tur der Tor-si-ons-punk-te brau-chen. 
 []


Package natbib Warning: Citation `silverman2009arithmetic' on page 19 undefined
 on input line 1507.

[19

pdfTeX warning (ext4): destination with the same identifier (name{satz.4.1}) ha
s been already used, duplicate ignored

\@EveryShipout@Output ...@Org@Shipout \box \@cclv 
                                                  
l.1529 	  		P = O$$
                   pdfTeX warning (ext4): destination with the same identifier 
(name{satz.4.2}) has been already used, duplicate ignored

\@EveryShipout@Output ...@Org@Shipout \box \@cclv 
                                                  
l.1529 	  		P = O$$
                   pdfTeX warning (ext4): destination with the same identifier 
(name{satz.4.3}) has been already used, duplicate ignored

\@EveryShipout@Output ...@Org@Shipout \box \@cclv 
                                                  
l.1529 	  		P = O$$
                   pdfTeX warning (ext4): destination with the same identifier 
(name{satz.4.5}) has been already used, duplicate ignored

\@EveryShipout@Output ...@Org@Shipout \box \@cclv 
                                                  
l.1529 	  		P = O$$
                   ]

Package natbib Warning: Citation `nikolayzik2007dipl' on page 20 undefined on i
nput line 1568.

[20pdfTeX warning (ext4): destination with the same identifier (name{satz.4.6})
 has been already used, duplicate ignored

\@EveryShipout@Output ...@Org@Shipout \box \@cclv 
                                                  
l.1593 	  O\,,$$
                pdfTeX warning (ext4): destination with the same identifier (na
me{satz.4.7}) has been already used, duplicate ignored

\@EveryShipout@Output ...@Org@Shipout \box \@cclv 
                                                  
l.1593 	  O\,,$$
                ]
LaTeX Font Info:    External font `lmex10' loaded for size
(Font)              <10> on input line 1648.
LaTeX Font Info:    External font `lmex10' loaded for size
(Font)              <7> on input line 1648.
LaTeX Font Info:    External font `lmex10' loaded for size
(Font)              <5> on input line 1648.
 [21pdfTeX warning (ext4): destination with the same identifier (name{satz.4.8}
) has been already used, duplicate ignored

\@EveryShipout@Output ...@Org@Shipout \box \@cclv 
                                                  
l.1649 	g^n(P)$$
                pdfTeX warning (ext4): destination with the same identifier (na
me{satz.4.9}) has been already used, duplicate ignored

\@EveryShipout@Output ...@Org@Shipout \box \@cclv 
                                                  
l.1649 	g^n(P)$$
                pdfTeX warning (ext4): destination with the same identifier (na
me{satz.4.10}) has been already used, duplicate ignored

\@EveryShipout@Output ...@Org@Shipout \box \@cclv 
                                                  
l.1649 	g^n(P)$$
                ]

Package natbib Warning: Citation `miller2004WeilPairing' on page 22 undefined o
n input line 1661.


Package natbib Warning: Citation `silverman2009arithmetic' on page 22 undefined
 on input line 1703.

[22pdfTeX warning (ext4): destination with the same identifier (name{satz.4.11}
) has been already used, duplicate ignored

\@EveryShipout@Output ...@Org@Shipout \box \@cclv 
                                                  
l.1709 \end{prop}
                 pdfTeX warning (ext4): destination with the same identifier (n
ame{satz.4.12}) has been already used, duplicate ignored

\@EveryShipout@Output ...@Org@Shipout \box \@cclv 
                                                  
l.1709 \end{prop}
                 pdfTeX warning (ext4): destination with the same identifier (n
ame{satz.4.13}) has been already used, duplicate ignored

\@EveryShipout@Output ...@Org@Shipout \box \@cclv 
                                                  
l.1709 \end{prop}
                 pdfTeX warning (ext4): destination with the same identifier (n
ame{satz.4.14}) has been already used, duplicate ignored

\@EveryShipout@Output ...@Org@Shipout \box \@cclv 
                                                  
l.1709 \end{prop}
                 ]

Package natbib Warning: Citation `silverman2009arithmetic' on page 23 undefined
 on input line 1747.

[23pdfTeX warning (ext4): destination with the same identifier (name{satz.4.15}
) has been already used, duplicate ignored

\@EveryShipout@Output ...@Org@Shipout \box \@cclv 
                                                  
l.1764 ..._P(X+Q'+R) g_Q(X)}{g_P(X+R) g_Q(X+P')}$$
                                                  pdfTeX warning (ext4): destin
ation with the same identifier (name{satz.4.16}) has been already used, duplica
te ignored

\@EveryShipout@Output ...@Org@Shipout \box \@cclv 
                                                  
l.1764 ..._P(X+Q'+R) g_Q(X)}{g_P(X+R) g_Q(X+P')}$$
                                                  ] [24] [25]

Package natbib Warning: Citation `nikolayzik2007dipl' on page 26 undefined on i
nput line 1889.

[26] [27]
Kapitel 5.

Package hyperref Warning: Token not allowed in a PDF string (PDFDocEncoding):
(hyperref)                removing `math shift' on input line 1922.


Package hyperref Warning: Token not allowed in a PDF string (PDFDocEncoding):
(hyperref)                removing `subscript' on input line 1922.


Package hyperref Warning: Token not allowed in a PDF string (PDFDocEncoding):
(hyperref)                removing `math shift' on input line 1922.

LaTeX Font Info:    External font `lmex10' loaded for size
(Font)              <20.74> on input line 1922.
LaTeX Font Info:    External font `lmex10' loaded for size
(Font)              <14.4> on input line 1922.
LaTeX Font Info:    External font `lmex10' loaded for size
(Font)              <12> on input line 1922.

Package natbib Warning: Citation `nieper2012alg' on page 28 undefined on input 
line 1940.


Package natbib Warning: Citation `silverman2009arithmetic' on page 28 undefined
 on input line 1969.

[28

pdfTeX warning (ext4): destination with the same identifier (name{satz.5.1}) ha
s been already used, duplicate ignored

\@EveryShipout@Output ...@Org@Shipout \box \@cclv 
                                                  
l.1980 	  \item $
                 \phi_q$ ist in der Tat ein Endomorphismus.pdfTeX warning (ext4
): destination with the same identifier (name{satz.5.2}) has been already used,
 duplicate ignored

\@EveryShipout@Output ...@Org@Shipout \box \@cclv 
                                                  
l.1980 	  \item $
                 \phi_q$ ist in der Tat ein Endomorphismus.]

Package natbib Warning: Citation `washington2003elliptic' on page 29 undefined 
on input line 1990.


Package natbib Warning: Citation `silverman2009arithmetic' on page 29 undefined
 on input line 2031.


Overfull \hbox (23.74739pt too wide) in paragraph at lines 2034--2036
[][]\T1/lmr/m/n/10.95 Nehmen wir nun einen Punkt $\OML/lmm/m/it/10.95 P \OT1/lm
r/m/n/10.95 = (\OML/lmm/m/it/10.95 x; y\OT1/lmr/m/n/10.95 ) \OMS/lmsy/m/n/10.95
 2 \OML/lmm/m/it/10.95 E\OT1/lmr/m/n/10.95 [\OML/lmm/m/it/10.95 l\OT1/lmr/m/n/1
0.95 ] \OMS/lmsy/m/n/10.95 n f\OML/lmm/m/it/10.95 O\OMS/lmsy/m/n/10.95 g$ \T1/l
mr/m/n/10.95 für ein $\OML/lmm/m/it/10.95 l \OMS/lmsy/m/n/10.95 2 \U/msb/m/n/10
.95 N$\T1/lmr/m/n/10.95 , so ha-ben wir 
 []

[29pdfTeX warning (ext4): destination with the same identifier (name{satz.5.3})
 has been already used, duplicate ignored

\@EveryShipout@Output ...@Org@Shipout \box \@cclv 
                                                  
l.2043 \end{equation}
                     pdfTeX warning (ext4): destination with the same identifie
r (name{satz.5.4}) has been already used, duplicate ignored

\@EveryShipout@Output ...@Org@Shipout \box \@cclv 
                                                  
l.2043 \end{equation}
                     ]
LaTeX Font Info:    Try loading font information for T1+lmtt on input line 2081
.
 ("C:\Program Files (x86)\MiKTeX2.9\tex\latex\lm\t1lmtt.fd"
File: t1lmtt.fd 2009/10/30 v1.6 Font defs for Latin Modern
) [30pdfTeX warning (ext4): destination with the same identifier (name{satz.5.5
}) has been already used, duplicate ignored

\@EveryShipout@Output ...@Org@Shipout \box \@cclv 
                                                  
l.2097 \begin{definition}[Divisions-Polynome]
                                             \label{def:div-poly}]
Overfull \hbox (87.52628pt too wide) in paragraph at lines 2116--2118
[][]\T1/lmr/m/n/10.95 Dass durch letz-te Re-kur-si-on auch wirk-lich Po-ly-no-m
e ent-ste-hen, zeigt nach-ste-hen-des Lem-ma. 
 []


Package natbib Warning: Citation `washington2003elliptic' on page 31 undefined 
on input line 2125.


Package natbib Warning: Citation `washington2003elliptic' on page 31 undefined 
on input line 2148.


Package natbib Warning: Citation `washington2003elliptic' on page 31 undefined 
on input line 2160.

[31pdfTeX warning (ext4): destination with the same identifier (name{satz.5.6})
 has been already used, duplicate ignored

\@EveryShipout@Output ...@Org@Shipout \box \@cclv 
                                                  
l.2163 \begin{lemma}\label
                          {lemma:div-poly 3}pdfTeX warning (ext4): destination 
with the same identifier (name{satz.5.7}) has been already used, duplicate igno
red

\@EveryShipout@Output ...@Org@Shipout \box \@cclv 
                                                  
l.2163 \begin{lemma}\label
                          {lemma:div-poly 3}pdfTeX warning (ext4): destination 
with the same identifier (name{satz.5.8}) has been already used, duplicate igno
red

\@EveryShipout@Output ...@Org@Shipout \box \@cclv 
                                                  
l.2163 \begin{lemma}\label
                          {lemma:div-poly 3}pdfTeX warning (ext4): destination 
with the same identifier (name{satz.5.9}) has been already used, duplicate igno
red

\@EveryShipout@Output ...@Org@Shipout \box \@cclv 
                                                  
l.2163 \begin{lemma}\label
                          {lemma:div-poly 3}]

Package natbib Warning: Citation `washington2003elliptic' on page 32 undefined 
on input line 2168.


Package natbib Warning: Citation `washington2003elliptic' on page 32 undefined 
on input line 2189.


Overfull \hbox (27.69525pt too wide) in paragraph at lines 2193--2194
[]\T1/lmr/m/n/10.95 Mit Hil-fe der Di-vi-si-ons-po-ly-no-me kön-nen wir al-le B
e-rech-nung im Quo-ti-en-ten-ring 
 []


Package natbib Warning: Citation `silverman2009arithmetic' on page 32 undefined
 on input line 2225.


Package natbib Warning: Citation `washington2003elliptic' on page 32 undefined 
on input line 2231.

[32pdfTeX warning (ext4): destination with the same identifier (name{satz.5.11}
) has been already used, duplicate ignored

\@EveryShipout@Output ...@Org@Shipout \box \@cclv 
                                                  
l.2232 \end{bem}
                pdfTeX warning (ext4): destination with the same identifier (na
me{satz.5.12}) has been already used, duplicate ignored

\@EveryShipout@Output ...@Org@Shipout \box \@cclv 
                                                  
l.2232 \end{bem}
                pdfTeX warning (ext4): destination with the same identifier (na
me{satz.5.13}) has been already used, duplicate ignored

\@EveryShipout@Output ...@Org@Shipout \box \@cclv 
                                                  
l.2232 \end{bem}
                pdfTeX warning (ext4): destination with the same identifier (na
me{satz.5.14}) has been already used, duplicate ignored

\@EveryShipout@Output ...@Org@Shipout \box \@cclv 
                                                  
l.2232 \end{bem}
                ] [33pdfTeX warning (ext4): destination with the same identifie
r (name{satz.5.15}) has been already used, duplicate ignored

\@EveryShipout@Output ...@Org@Shipout \box \@cclv 
                                                  
l.2234 \part
            {Elliptische Kurven -- Anwendungen in der Kryptographie}] [34

]
Kapitel 6.
[35

pdfTeX warning (ext4): destination with the same identifier (name{satz.6.1}) ha
s been already used, duplicate ignored

\@EveryShipout@Output ...@Org@Shipout \box \@cclv 
                                                  
l.2292 		$
          T := T + P$;pdfTeX warning (ext4): destination with the same identifi
er (name{satz.6.2}) has been already used, duplicate ignored

\@EveryShipout@Output ...@Org@Shipout \box \@cclv 
                                                  
l.2292 		$
          T := T + P$;] [36pdfTeX warning (ext4): destination with the same ide
ntifier (name{satz.6.3}) has been already used, duplicate ignored

\@EveryShipout@Output ...@Org@Shipout \box \@cclv 
                                                  
l.2358   \begin{alignat}{2}
                           ] [37pdfTeX warning (ext4): destination with the sam
e identifier (name{satz.6.4}) has been already used, duplicate ignored

\@EveryShipout@Output ...@Org@Shipout \box \@cclv 
                                                  
l.2421 	$$
          e_N(P,Q) \speq= \frac{f_P(Q+S)}{f_P(S)}\bigg/\frac{f(P)}{f(O)}\,,$$]
Overfull \hbox (74.77266pt too wide) in paragraph at lines 2432--2434
[][]\T1/lmr/m/n/10.95 Den Fall $\OML/lmm/m/it/10.95 P \OMS/lmsy/m/n/10.95 6\OT1
/lmr/m/n/10.95 = \OML/lmm/m/it/10.95 Q$ \T1/lmr/m/n/10.95 kön-nen wir noch wei-
ter ver-ein-fa-chen, was wir aber nicht be-wei-sen wer-den. 
 []


Package natbib Warning: Citation `miller2004WeilPairing' on page 38 undefined o
n input line 2440.

[38pdfTeX warning (ext4): destination with the same identifier (name{satz.6.5})
 has been already used, duplicate ignored

\@EveryShipout@Output ...@Org@Shipout \box \@cclv 
                                                  
l.2478 ...g/ \frac{53}{37} \speq= 66 \ \in \K\,.$$
                                                  pdfTeX warning (ext4): destin
ation with the same identifier (name{satz.6.6}) has been already used, duplicat
e ignored

\@EveryShipout@Output ...@Org@Shipout \box \@cclv 
                                                  
l.2478 ...g/ \frac{53}{37} \speq= 66 \ \in \K\,.$$
                                                  pdfTeX warning (ext4): destin
ation with the same identifier (name{satz.6.7}) has been already used, duplicat
e ignored

\@EveryShipout@Output ...@Org@Shipout \box \@cclv 
                                                  
l.2478 ...g/ \frac{53}{37} \speq= 66 \ \in \K\,.$$
                                                  ] [39]
Kapitel 7.

Package natbib Warning: Citation `hoffstein2008introduction' on page 40 undefin
ed on input line 2490.


Package natbib Warning: Citation `menezes1996Handbook' on page 40 undefined on 
input line 2490.


Package natbib Warning: Citation `silverman2009arithmetic' on page 40 undefined
 on input line 2525.


Package natbib Warning: Citation `hoffstein2008introduction' on page 40 undefin
ed on input line 2527.


Package natbib Warning: Citation `washington2003elliptic' on page 40 undefined 
on input line 2527.


Overfull \hbox (5.60942pt too wide) in paragraph at lines 2535--2556
 [][] 
 []

[40

pdfTeX warning (ext4): destination with the same identifier (name{satz.7.1}) ha
s been already used, duplicate ignored

\@EveryShipout@Output ...@Org@Shipout \box \@cclv 
                                                  
l.2556 	\end{center}
                    ]

Package natbib Warning: Citation `silverman2009arithmetic' on page 41 undefined
 on input line 2575.


Package natbib Warning: Citation `hoffstein2008introduction' on page 41 undefin
ed on input line 2590.

[41pdfTeX warning (ext4): destination with the same identifier (name{satz.7.2})
 has been already used, duplicate ignored

\@EveryShipout@Output ...@Org@Shipout \box \@cclv 
                                                  
l.2593 \end{bem}
                pdfTeX warning (ext4): destination with the same identifier (na
me{satz.7.3}) has been already used, duplicate ignored

\@EveryShipout@Output ...@Org@Shipout \box \@cclv 
                                                  
l.2593 \end{bem}
                ] [42pdfTeX warning (ext4): destination with the same identifie
r (name{satz.7.4}) has been already used, duplicate ignored

\@EveryShipout@Output ...@Org@Shipout \box \@cclv 
                                                  
l.2595 \chapter
               {Algorithmen für das (\probn{EC})\probn{DLP} und deren Komple...
pdfTeX warning (ext4): destination with the same identifier (name{satz.7.5}) ha
s been already used, duplicate ignored

\@EveryShipout@Output ...@Org@Shipout \box \@cclv 
                                                  
l.2595 \chapter
               {Algorithmen für das (\probn{EC})\probn{DLP} und deren Komple...
]
Kapitel 8.

Package natbib Warning: Citation `charlap1988elementary' on page 43 undefined o
n input line 2609.


Package hyperref Warning: Token not allowed in a PDF string (PDFDocEncoding):
(hyperref)                removing `math shift' on input line 2620.


Package hyperref Warning: Token not allowed in a PDF string (PDFDocEncoding):
(hyperref)                removing `\rho' on input line 2620.


Package hyperref Warning: Token not allowed in a PDF string (PDFDocEncoding):
(hyperref)                removing `math shift' on input line 2620.


Package natbib Warning: Citation `pollard1978MonteCarlo' on page 43 undefined o
n input line 2623.


Package natbib Warning: Citation `kim2008OptimalBound' on page 43 undefined on 
input line 2624.

[43

pdfTeX warning (ext4): destination with the same identifier (name{satz.8.1}) ha
s been already used, duplicate ignored

\@EveryShipout@Output ...@Org@Shipout \box \@cclv 
                                                  
l.2698 	for 
            $i$ from $0$ to $1$ dopdfTeX warning (ext4): destination with the s
ame identifier (name{satz.8.2}) has been already used, duplicate ignored

\@EveryShipout@Output ...@Org@Shipout \box \@cclv 
                                                  
l.2698 	for 
            $i$ from $0$ to $1$ dopdfTeX warning (ext4): destination with the s
ame identifier (name{satz.8.3}) has been already used, duplicate ignored

\@EveryShipout@Output ...@Org@Shipout \box \@cclv 
                                                  
l.2698 	for 
            $i$ from $0$ to $1$ dopdfTeX warning (ext4): destination with the s
ame identifier (name{satz.8.4}) has been already used, duplicate ignored

\@EveryShipout@Output ...@Org@Shipout \box \@cclv 
                                                  
l.2698 	for 
            $i$ from $0$ to $1$ do]
LaTeX Font Info:    Font shape `T1/lmss/m/it' in size <10> not available
(Font)              Font shape `T1/lmss/m/sl' tried instead on input line 2720.



Package natbib Warning: Citation `pollard1978MonteCarlo' on page 44 undefined o
n input line 2764.

[44pdfTeX warning (ext4): destination with the same identifier (name{satz.8.5})
 has been already used, duplicate ignored

\@EveryShipout@Output ...@Org@Shipout \box \@cclv 
                                                  
l.2785 \end{bem}
                pdfTeX warning (ext4): destination with the same identifier (na
me{satz.8.6}) has been already used, duplicate ignored

\@EveryShipout@Output ...@Org@Shipout \box \@cclv 
                                                  
l.2785 \end{bem}
                ]

Package natbib Warning: Citation `washington2003elliptic' on page 45 undefined 
on input line 2806.

[45pdfTeX warning (ext4): destination with the same identifier (name{satz.8.7})
 has been already used, duplicate ignored

\@EveryShipout@Output ...@Org@Shipout \box \@cclv 
                                                  
l.2842 V
        erständlicherweise lässt sich dies nicht auf alle Gruppen übertragen...
] [46pdfTeX warning (ext4): destination with the same identifier (name{satz.8.8
}) has been already used, duplicate ignored

\@EveryShipout@Output ...@Org@Shipout \box \@cclv 
                                                  
l.2892 	endif
             pdfTeX warning (ext4): destination with the same identifier (name{
satz.8.9}) has been already used, duplicate ignored

\@EveryShipout@Output ...@Org@Shipout \box \@cclv 
                                                  
l.2892 	endif
             ]

Package natbib Warning: Citation `menezes1996Handbook' on page 47 undefined on 
input line 2910.


Package natbib Warning: Citation `menezes1996Handbook' on page 47 undefined on 
input line 2912.


Package natbib Warning: Citation `hoffstein2008introduction' on page 47 undefin
ed on input line 2940.

[47pdfTeX warning (ext4): destination with the same identifier (name{satz.8.10}
) has been already used, duplicate ignored

\@EveryShipout@Output ...@Org@Shipout \box \@cclv 
                                                  
l.2960 	\end{alignat*}
                      pdfTeX warning (ext4): destination with the same identifi
er (name{satz.8.11}) has been already used, duplicate ignored

\@EveryShipout@Output ...@Org@Shipout \box \@cclv 
                                                  
l.2960 	\end{alignat*}
                      ] [48pdfTeX warning (ext4): destination with the same ide
ntifier (name{satz.8.12}) has been already used, duplicate ignored

\@EveryShipout@Output ...@Org@Shipout \box \@cclv 
                                                  
l.3009 \chapter
               {Der MOV-Angriff}pdfTeX warning (ext4): destination with the sam
e identifier (name{satz.8.13}) has been already used, duplicate ignored

\@EveryShipout@Output ...@Org@Shipout \box \@cclv 
                                                  
l.3009 \chapter
               {Der MOV-Angriff}pdfTeX warning (ext4): destination with the sam
e identifier (name{satz.8.14}) has been already used, duplicate ignored

\@EveryShipout@Output ...@Org@Shipout \box \@cclv 
                                                  
l.3009 \chapter
               {Der MOV-Angriff}]
Kapitel 9.

Package natbib Warning: Citation `MOV1993' on page 49 undefined on input line 3
015.


Package natbib Warning: Citation `MOV1993' on page 49 undefined on input line 3
015.


Package natbib Warning: Citation `MOV1993' on page 49 undefined on input line 3
015.


Package natbib Warning: Citation `silverman2009arithmetic' on page 49 undefined
 on input line 3019.

[49

pdfTeX warning (ext4): destination with the same identifier (name{satz.9.1}) ha
s been already used, duplicate ignored

\@EveryShipout@Output ...@Org@Shipout \box \@cclv 
                                                  
l.3062 \end{proof}
                  pdfTeX warning (ext4): destination with the same identifier (
name{satz.9.2}) has been already used, duplicate ignored

\@EveryShipout@Output ...@Org@Shipout \box \@cclv 
                                                  
l.3062 \end{proof}
                  ] [50pdfTeX warning (ext4): destination with the same identif
ier (name{satz.9.3}) has been already used, duplicate ignored

\@EveryShipout@Output ...@Org@Shipout \box \@cclv 
                                                  
l.3127 
       pdfTeX warning (ext4): destination with the same identifier (name{satz.9
.4}) has been already used, duplicate ignored

\@EveryShipout@Output ...@Org@Shipout \box \@cclv 
                                                  
l.3127 
       pdfTeX warning (ext4): destination with the same identifier (name{satz.9
.5}) has been already used, duplicate ignored

\@EveryShipout@Output ...@Org@Shipout \box \@cclv 
                                                  
l.3127 
       ]

Package natbib Warning: Citation `silverman2009arithmetic' on page 51 undefined
 on input line 3167.


Overfull \hbox (61.76012pt too wide) in paragraph at lines 3176--3178
[][]\T1/lmr/m/n/10.95 Wiederum sei im Fol-gen-den stets $\OML/lmm/m/it/10.95 q 
\OT1/lmr/m/n/10.95 = \OML/lmm/m/it/10.95 p[]$ \T1/lmr/m/n/10.95 für ei-ne Prim-
zahl $\OML/lmm/m/it/10.95 p$ \T1/lmr/m/n/10.95 und ei-ne na-tür-li-che Zahl $\O
ML/lmm/m/it/10.95 n$\T1/lmr/m/n/10.95 . 
 []

[51pdfTeX warning (ext4): destination with the same identifier (name{satz.9.6})
 has been already used, duplicate ignored

\@EveryShipout@Output ...@Org@Shipout \box \@cclv 
                                                  
l.3189 	$$a_q \speq\equiv 0 \pmod p\,.$$
                                        pdfTeX warning (ext4): destination with
 the same identifier (name{satz.9.7}) has been already used, duplicate ignored

\@EveryShipout@Output ...@Org@Shipout \box \@cclv 
                                                  
l.3189 	$$a_q \speq\equiv 0 \pmod p\,.$$
                                        ]

Package natbib Warning: Citation `washington2003elliptic' on page 52 undefined 
on input line 3192.


Package natbib Warning: Citation `MOV1993' on page 52 undefined on input line 3
234.

[52pdfTeX warning (ext4): destination with the same identifier (name{satz.9.8})
 has been already used, duplicate ignored

\@EveryShipout@Output ...@Org@Shipout \box \@cclv 
                                                  
l.3278 ...quad Q = (4,10) \ \in E(\F_{19})[5]\,.$$
                                                  pdfTeX warning (ext4): destin
ation with the same identifier (name{satz.9.9}) has been already used, duplicat
e ignored

\@EveryShipout@Output ...@Org@Shipout \box \@cclv 
                                                  
l.3278 ...quad Q = (4,10) \ \in E(\F_{19})[5]\,.$$
                                                  pdfTeX warning (ext4): destin
ation with the same identifier (name{satz.9.10}) has been already used, duplica
te ignored

\@EveryShipout@Output ...@Org@Shipout \box \@cclv 
                                                  
l.3278 ...quad Q = (4,10) \ \in E(\F_{19})[5]\,.$$
                                                  pdfTeX warning (ext4): destin
ation with the same identifier (name{satz.9.11}) has been already used, duplica
te ignored

\@EveryShipout@Output ...@Org@Shipout \box \@cclv 
                                                  
l.3278 ...quad Q = (4,10) \ \in E(\F_{19})[5]\,.$$
                                                  ]

Package natbib Warning: Citation `MOV1993' on page 53 undefined on input line 3
294.

[53pdfTeX warning (ext4): destination with the same identifier (name{satz.9.13}
) has been already used, duplicate ignored

\@EveryShipout@Output ...@Org@Shipout \box \@cclv 
                                                  
l.3302 \chapter
               {Fazit / Ausblicke}pdfTeX warning (ext4): destination with the s
ame identifier (name{satz.9.14}) has been already used, duplicate ignored

\@EveryShipout@Output ...@Org@Shipout \box \@cclv 
                                                  
l.3302 \chapter
               {Fazit / Ausblicke}]
Kapitel 10.

Package natbib Warning: Citation `washington2003elliptic' on page 54 undefined 
on input line 3329.


Package natbib Warning: Citation `silverman2009arithmetic' on page 54 undefined
 on input line 3331.


Overfull \hbox (0.31194pt too wide) in paragraph at lines 3326--3332
\T1/lmr/m/n/10.95 Paarung si-gnie-ren, was z.B. kurz in [\T1/lmr/bx/n/10.95 ? \
T1/lmr/m/n/10.95 , Theo-rem XI.7.4] be-schrie-ben wird. 
 []


Package natbib Warning: Citation `washington2003elliptic' on page 54 undefined 
on input line 3339.


Package natbib Warning: Citation `washington2003elliptic' on page 54 undefined 
on input line 3344.


Package natbib Warning: Citation `recplaystationecdlp' on page 54 undefined on 
input line 3348.


Package natbib Warning: Citation `recdlp' on page 54 undefined on input line 33
50.


Package Listings Warning: Unknown column format `fixed language' on input line 
3370.

[54

]
Anhang A.
LaTeX Font Info:    Font shape `T1/lmtt/bx/n' in size <10> not available
(Font)              Font shape `T1/lmtt/b/n' tried instead on input line 3384.
[55

pdfTeX warning (ext4): destination with the same identifier (name{satz.A.1}) ha
s been already used, duplicate ignored

\@EveryShipout@Output ...@Org@Shipout \box \@cclv 
                                                  
l.3420         return 
                      [(2*a)%n,(2*b)%n];] [56pdfTeX warning (ext4): destination
 with the same identifier (name{satz.A.2}) has been already used, duplicate ign
ored

\@EveryShipout@Output ...@Org@Shipout \box \@cclv 
                                                  
l.3487 
       pdfTeX warning (ext4): destination with the same identifier (name{satz.A
.3}) has been already used, duplicate ignored

\@EveryShipout@Output ...@Org@Shipout \box \@cclv 
                                                  
l.3487 
       pdfTeX warning (ext4): destination with the same identifier (name{satz.A
.4}) has been already used, duplicate ignored

\@EveryShipout@Output ...@Org@Shipout \box \@cclv 
                                                  
l.3487 
       ]
No file document.bbl.

Package natbib Warning: There were undefined citations.

Package atveryend Info: Empty hook `BeforeClearDocument' on input line 3576.
[57pdfTeX warning (ext4): destination with the same identifier (name{satz.A.5})
 has been already used, duplicate ignored

\@EveryShipout@Output ...@Org@Shipout \box \@cclv 
                                                  
l.3576 \end{document}
                     ]
Package atveryend Info: Empty hook `AfterLastShipout' on input line 3576.

("E:\Zero\Documents\Uni\Semester VIII\Bachelorarbeit\LaTeX\Bachelorarbeit - Ell
iptische Kurven\document.aux")
Package atveryend Info: Executing hook `AtVeryEndDocument' on input line 3576.
Package atveryend Info: Executing hook `AtEndAfterFileList' on input line 3576.

Package rerunfilecheck Info: File `document.out' has not changed.
(rerunfilecheck)             Checksum: 53C770B92D33897D03DE4CD6F4ACEFEB;2616.
Package atveryend Info: Empty hook `AtVeryVeryEnd' on input line 3576.
 ) 
Here is how much of TeX's memory you used:
 21933 strings out of 493921
 385075 string characters out of 3145280
 599627 words of memory out of 3000000
 24290 multiletter control sequences out of 15000+200000
 137133 words of font info for 104 fonts, out of 3000000 for 9000
 842 hyphenation exceptions out of 8191
 73i,19n,77p,518b,2005s stack positions out of 5000i,500n,10000p,200000b,50000s
{C:/Program Files (x86)/MiKTeX2.9/fonts/enc/dvips/lm/lm-ec.enc}{C:/Program Fi
les (x86)/MiKTeX2.9/fonts/enc/dvips/lm/lm-mathit.enc}{C:/Program Files (x86)/Mi
KTeX2.9/fonts/enc/dvips/lm/lm-mathsy.enc}{C:/Program Files (x86)/MiKTeX2.9/font
s/enc/dvips/lm/lm-rm.enc}{C:/Program Files (x86)/MiKTeX2.9/fonts/enc/dvips/lm/l
m-mathex.enc}<C:/Program Files (x86)/MiKTeX2.9/fonts/type1/public/amsfonts/eule
r/eufm10.pfb><C:/Program Files (x86)/MiKTeX2.9/fonts/type1/public/lm/lmbx10.pfb
><C:/Program Files (x86)/MiKTeX2.9/fonts/type1/public/lm/lmbxi10.pfb><C:/Progra
m Files (x86)/MiKTeX2.9/fonts/type1/public/lm/lmex10.pfb><C:/Program Files (x86
)/MiKTeX2.9/fonts/type1/public/lm/lmmi10.pfb><C:/Program Files (x86)/MiKTeX2.9/
fonts/type1/public/lm/lmmi12.pfb><C:/Program Files (x86)/MiKTeX2.9/fonts/type1/
public/lm/lmmi5.pfb><C:/Program Files (x86)/MiKTeX2.9/fonts/type1/public/lm/lmm
i6.pfb><C:/Program Files (x86)/MiKTeX2.9/fonts/type1/public/lm/lmmi7.pfb><C:/Pr
ogram Files (x86)/MiKTeX2.9/fonts/type1/public/lm/lmmi8.pfb><C:/Program Files (
x86)/MiKTeX2.9/fonts/type1/public/lm/lmr10.pfb><C:/Program Files (x86)/MiKTeX2.
9/fonts/type1/public/lm/lmr5.pfb><C:/Program Files (x86)/MiKTeX2.9/fonts/type1/
public/lm/lmr6.pfb><C:/Program Files (x86)/MiKTeX2.9/fonts/type1/public/lm/lmr7
.pfb><C:/Program Files (x86)/MiKTeX2.9/fonts/type1/public/lm/lmr8.pfb><C:/Progr
am Files (x86)/MiKTeX2.9/fonts/type1/public/lm/lmri10.pfb><C:/Program Files (x8
6)/MiKTeX2.9/fonts/type1/public/lm/lmri8.pfb><C:/Program Files (x86)/MiKTeX2.9/
fonts/type1/public/lm/lmro10.pfb><C:/Program Files (x86)/MiKTeX2.9/fonts/type1/
public/lm/lmss10.pfb><C:/Program Files (x86)/MiKTeX2.9/fonts/type1/public/lm/lm
ss12.pfb><C:/Program Files (x86)/MiKTeX2.9/fonts/type1/public/lm/lmssbx10.pfb><
C:/Program Files (x86)/MiKTeX2.9/fonts/type1/public/lm/lmsso10.pfb><C:/Program 
Files (x86)/MiKTeX2.9/fonts/type1/public/lm/lmsy10.pfb><C:/Program Files (x86)/
MiKTeX2.9/fonts/type1/public/lm/lmsy6.pfb><C:/Program Files (x86)/MiKTeX2.9/fon
ts/type1/public/lm/lmsy7.pfb><C:/Program Files (x86)/MiKTeX2.9/fonts/type1/publ
ic/lm/lmsy8.pfb><C:/Program Files (x86)/MiKTeX2.9/fonts/type1/public/lm/lmtk10.
pfb><C:/Program Files (x86)/MiKTeX2.9/fonts/type1/public/lm/lmtt10.pfb><C:/Prog
ram Files (x86)/MiKTeX2.9/fonts/type1/public/amsfonts/symbols/msbm10.pfb>
Output written on document.pdf (63 pages, 827849 bytes).
PDF statistics:
 1281 PDF objects out of 1440 (max. 8388607)
 551 named destinations out of 1000 (max. 500000)
 293 words of extra memory for PDF output out of 10000 (max. 10000000)

